0 info it worked if it ends with ok
1 verbose cli [ '/usr/local/bin/node',
1 verbose cli   '/usr/local/bin/npm',
1 verbose cli   '-g',
1 verbose cli   'install',
1 verbose cli   'yuidoc' ]
2 info using npm@1.4.28
3 info using node@v0.10.36
4 verbose cache add [ 'yuidoc', null ]
5 verbose cache add name=undefined spec="yuidoc" args=["yuidoc",null]
6 verbose parsed url { protocol: null,
6 verbose parsed url   slashes: null,
6 verbose parsed url   auth: null,
6 verbose parsed url   host: null,
6 verbose parsed url   port: null,
6 verbose parsed url   hostname: null,
6 verbose parsed url   hash: null,
6 verbose parsed url   search: null,
6 verbose parsed url   query: null,
6 verbose parsed url   pathname: 'yuidoc',
6 verbose parsed url   path: 'yuidoc',
6 verbose parsed url   href: 'yuidoc' }
7 silly lockFile 093afba7-yuidoc yuidoc
8 verbose lock yuidoc /home/merc/.npm/093afba7-yuidoc.lock
9 silly lockFile 093afba7-yuidoc yuidoc
10 silly lockFile 093afba7-yuidoc yuidoc
11 verbose addNamed [ 'yuidoc', '' ]
12 verbose addNamed [ null, '*' ]
13 silly lockFile 300883d3-yuidoc yuidoc@
14 verbose lock yuidoc@ /home/merc/.npm/300883d3-yuidoc.lock
15 silly addNameRange { name: 'yuidoc', range: '*', hasData: false }
16 verbose request where is /yuidoc
17 verbose request registry https://registry.npmjs.org/
18 verbose request id 55c8f2682d383aff
19 verbose url raw /yuidoc
20 verbose url resolving [ 'https://registry.npmjs.org/', './yuidoc' ]
21 verbose url resolved https://registry.npmjs.org/yuidoc
22 verbose request where is https://registry.npmjs.org/yuidoc
23 info trying registry request attempt 1 at 07:49:29
24 http GET https://registry.npmjs.org/yuidoc
25 http 404 https://registry.npmjs.org/yuidoc
26 verbose headers { server: 'CouchDB/1.5.0 (Erlang OTP/R16B03)',
26 verbose headers   'content-type': 'application/json',
26 verbose headers   'cache-control': 'max-age=0',
26 verbose headers   'content-length': '51',
26 verbose headers   'accept-ranges': 'bytes',
26 verbose headers   date: 'Thu, 30 Apr 2015 23:49:30 GMT',
26 verbose headers   via: '1.1 varnish',
26 verbose headers   age: '0',
26 verbose headers   connection: 'keep-alive',
26 verbose headers   'x-served-by': 'cache-syd1621-SYD',
26 verbose headers   'x-cache': 'MISS',
26 verbose headers   'x-cache-hits': '0',
26 verbose headers   'x-timer': 'S1430437769.619288,VS0,VE793' }
27 silly registry.get cb [ 404,
27 silly registry.get   { server: 'CouchDB/1.5.0 (Erlang OTP/R16B03)',
27 silly registry.get     'content-type': 'application/json',
27 silly registry.get     'cache-control': 'max-age=0',
27 silly registry.get     'content-length': '51',
27 silly registry.get     'accept-ranges': 'bytes',
27 silly registry.get     date: 'Thu, 30 Apr 2015 23:49:30 GMT',
27 silly registry.get     via: '1.1 varnish',
27 silly registry.get     age: '0',
27 silly registry.get     connection: 'keep-alive',
27 silly registry.get     'x-served-by': 'cache-syd1621-SYD',
27 silly registry.get     'x-cache': 'MISS',
27 silly registry.get     'x-cache-hits': '0',
27 silly registry.get     'x-timer': 'S1430437769.619288,VS0,VE793' } ]
28 silly lockFile 300883d3-yuidoc yuidoc@
29 silly lockFile 300883d3-yuidoc yuidoc@
30 error 404 404 Not Found: yuidoc
30 error 404
30 error 404 'yuidoc' is not in the npm registry.
30 error 404 You should bug the author to publish it
30 error 404
30 error 404 Note that you can also install from a
30 error 404 tarball, folder, or http url, or git url.
31 error System Linux 3.13.0-49-generic
32 error command "/usr/local/bin/node" "/usr/local/bin/npm" "-g" "install" "yuidoc"
33 error cwd /disk/home/merc/Synced/Development/node/dev/node_modules/hotplate.doc
34 error node -v v0.10.36
35 error npm -v 1.4.28
36 error code E404
37 verbose exit [ 1, true ]
