execve("/usr/local/bin/node", ["node", "server.js"], [/* 41 vars */]) = 0
brk(0)                                  = 0xa219000
access("/etc/ld.so.nohwcap", F_OK)      = -1 ENOENT (No such file or directory)
mmap2(NULL, 8192, PROT_READ|PROT_WRITE, MAP_PRIVATE|MAP_ANONYMOUS, -1, 0) = 0xb7711000
access("/etc/ld.so.preload", R_OK)      = -1 ENOENT (No such file or directory)
open("/etc/ld.so.cache", O_RDONLY|O_CLOEXEC) = 3
fstat64(3, {st_mode=S_IFREG|0644, st_size=83630, ...}) = 0
mmap2(NULL, 83630, PROT_READ, MAP_PRIVATE, 3, 0) = 0xb76fc000
close(3)                                = 0
access("/etc/ld.so.nohwcap", F_OK)      = -1 ENOENT (No such file or directory)
open("/lib/i386-linux-gnu/librt.so.1", O_RDONLY|O_CLOEXEC) = 3
read(3, "\177ELF\1\1\1\0\0\0\0\0\0\0\0\0\3\0\3\0\1\0\0\0\320\30\0\0004\0\0\0"..., 512) = 512
fstat64(3, {st_mode=S_IFREG|0644, st_size=30684, ...}) = 0
mmap2(NULL, 33360, PROT_READ|PROT_EXEC, MAP_PRIVATE|MAP_DENYWRITE, 3, 0) = 0xb76f3000
mmap2(0xb76fa000, 8192, PROT_READ|PROT_WRITE, MAP_PRIVATE|MAP_FIXED|MAP_DENYWRITE, 3, 0x6) = 0xb76fa000
close(3)                                = 0
access("/etc/ld.so.nohwcap", F_OK)      = -1 ENOENT (No such file or directory)
open("/lib/i386-linux-gnu/libdl.so.2", O_RDONLY|O_CLOEXEC) = 3
read(3, "\177ELF\1\1\1\0\0\0\0\0\0\0\0\0\3\0\3\0\1\0\0\0`\n\0\0004\0\0\0"..., 512) = 512
fstat64(3, {st_mode=S_IFREG|0644, st_size=13952, ...}) = 0
mmap2(NULL, 16516, PROT_READ|PROT_EXEC, MAP_PRIVATE|MAP_DENYWRITE, 3, 0) = 0xb76ee000
mmap2(0xb76f1000, 8192, PROT_READ|PROT_WRITE, MAP_PRIVATE|MAP_FIXED|MAP_DENYWRITE, 3, 0x2) = 0xb76f1000
close(3)                                = 0
access("/etc/ld.so.nohwcap", F_OK)      = -1 ENOENT (No such file or directory)
open("/usr/lib/i386-linux-gnu/libstdc++.so.6", O_RDONLY|O_CLOEXEC) = 3
read(3, "\177ELF\1\1\1\0\0\0\0\0\0\0\0\0\3\0\3\0\1\0\0\0`f\4\0004\0\0\0"..., 512) = 512
fstat64(3, {st_mode=S_IFREG|0644, st_size=922208, ...}) = 0
mmap2(NULL, 4096, PROT_READ|PROT_WRITE, MAP_PRIVATE|MAP_ANONYMOUS, -1, 0) = 0xb76ed000
mmap2(NULL, 951860, PROT_READ|PROT_EXEC, MAP_PRIVATE|MAP_DENYWRITE, 3, 0) = 0xb7604000
mprotect(0xb76e0000, 4096, PROT_NONE)   = 0
mmap2(0xb76e1000, 20480, PROT_READ|PROT_WRITE, MAP_PRIVATE|MAP_FIXED|MAP_DENYWRITE, 3, 0xdc) = 0xb76e1000
mmap2(0xb76e6000, 26164, PROT_READ|PROT_WRITE, MAP_PRIVATE|MAP_FIXED|MAP_ANONYMOUS, -1, 0) = 0xb76e6000
close(3)                                = 0
access("/etc/ld.so.nohwcap", F_OK)      = -1 ENOENT (No such file or directory)
open("/lib/i386-linux-gnu/libm.so.6", O_RDONLY|O_CLOEXEC) = 3
read(3, "\177ELF\1\1\1\0\0\0\0\0\0\0\0\0\3\0\3\0\1\0\0\0000D\0\0004\0\0\0"..., 512) = 512
fstat64(3, {st_mode=S_IFREG|0644, st_size=173588, ...}) = 0
mmap2(NULL, 176272, PROT_READ|PROT_EXEC, MAP_PRIVATE|MAP_DENYWRITE, 3, 0) = 0xb75d8000
mmap2(0xb7602000, 8192, PROT_READ|PROT_WRITE, MAP_PRIVATE|MAP_FIXED|MAP_DENYWRITE, 3, 0x29) = 0xb7602000
close(3)                                = 0
access("/etc/ld.so.nohwcap", F_OK)      = -1 ENOENT (No such file or directory)
open("/lib/i386-linux-gnu/libgcc_s.so.1", O_RDONLY|O_CLOEXEC) = 3
read(3, "\177ELF\1\1\1\0\0\0\0\0\0\0\0\0\3\0\3\0\1\0\0\0@ \0\0004\0\0\0"..., 512) = 512
fstat64(3, {st_mode=S_IFREG|0644, st_size=116244, ...}) = 0
mmap2(NULL, 119344, PROT_READ|PROT_EXEC, MAP_PRIVATE|MAP_DENYWRITE, 3, 0) = 0xb75ba000
mmap2(0xb75d6000, 8192, PROT_READ|PROT_WRITE, MAP_PRIVATE|MAP_FIXED|MAP_DENYWRITE, 3, 0x1b) = 0xb75d6000
close(3)                                = 0
access("/etc/ld.so.nohwcap", F_OK)      = -1 ENOENT (No such file or directory)
open("/lib/i386-linux-gnu/libpthread.so.0", O_RDONLY|O_CLOEXEC) = 3
read(3, "\177ELF\1\1\1\0\0\0\0\0\0\0\0\0\3\0\3\0\1\0\0\0p[\0\0004\0\0\0"..., 512) = 512
fstat64(3, {st_mode=S_IFREG|0755, st_size=124675, ...}) = 0
mmap2(NULL, 107008, PROT_READ|PROT_EXEC, MAP_PRIVATE|MAP_DENYWRITE, 3, 0) = 0xb759f000
mmap2(0xb75b6000, 8192, PROT_READ|PROT_WRITE, MAP_PRIVATE|MAP_FIXED|MAP_DENYWRITE, 3, 0x16) = 0xb75b6000
mmap2(0xb75b8000, 4608, PROT_READ|PROT_WRITE, MAP_PRIVATE|MAP_FIXED|MAP_ANONYMOUS, -1, 0) = 0xb75b8000
close(3)                                = 0
access("/etc/ld.so.nohwcap", F_OK)      = -1 ENOENT (No such file or directory)
open("/lib/i386-linux-gnu/libc.so.6", O_RDONLY|O_CLOEXEC) = 3
read(3, "\177ELF\1\1\1\0\0\0\0\0\0\0\0\0\3\0\3\0\1\0\0\0000\226\1\0004\0\0\0"..., 512) = 512
fstat64(3, {st_mode=S_IFREG|0755, st_size=1730024, ...}) = 0
mmap2(NULL, 1743580, PROT_READ|PROT_EXEC, MAP_PRIVATE|MAP_DENYWRITE, 3, 0) = 0xb73f5000
mprotect(0xb7598000, 4096, PROT_NONE)   = 0
mmap2(0xb7599000, 12288, PROT_READ|PROT_WRITE, MAP_PRIVATE|MAP_FIXED|MAP_DENYWRITE, 3, 0x1a3) = 0xb7599000
mmap2(0xb759c000, 10972, PROT_READ|PROT_WRITE, MAP_PRIVATE|MAP_FIXED|MAP_ANONYMOUS, -1, 0) = 0xb759c000
close(3)                                = 0
mmap2(NULL, 4096, PROT_READ|PROT_WRITE, MAP_PRIVATE|MAP_ANONYMOUS, -1, 0) = 0xb73f4000
mmap2(NULL, 4096, PROT_READ|PROT_WRITE, MAP_PRIVATE|MAP_ANONYMOUS, -1, 0) = 0xb73f3000
set_thread_area({entry_number:-1 -> 6, base_addr:0xb73f3700, limit:1048575, seg_32bit:1, contents:0, read_exec_only:0, limit_in_pages:1, seg_not_present:0, useable:1}) = 0
mprotect(0xb7599000, 8192, PROT_READ)   = 0
mprotect(0xb75b6000, 4096, PROT_READ)   = 0
mprotect(0xb75d6000, 4096, PROT_READ)   = 0
mprotect(0xb7602000, 4096, PROT_READ)   = 0
mmap2(NULL, 4096, PROT_READ|PROT_WRITE, MAP_PRIVATE|MAP_ANONYMOUS, -1, 0) = 0xb73f2000
mprotect(0xb76e1000, 16384, PROT_READ)  = 0
mprotect(0xb76f1000, 4096, PROT_READ)   = 0
mprotect(0xb76fa000, 4096, PROT_READ)   = 0
mprotect(0x882b000, 4096, PROT_READ)    = 0
mprotect(0xb7734000, 4096, PROT_READ)   = 0
munmap(0xb76fc000, 83630)               = 0
set_tid_address(0xb73f3768)             = 10132
set_robust_list(0xb73f3770, 0xc)        = 0
futex(0xbf9e8114, FUTEX_WAIT_BITSET_PRIVATE|FUTEX_CLOCK_REALTIME, 1, NULL, b73f3700) = -1 EAGAIN (Resource temporarily unavailable)
rt_sigaction(SIGRTMIN, {0xb75a4570, [], SA_SIGINFO}, NULL, 8) = 0
rt_sigaction(SIGRT_1, {0xb75a45f0, [], SA_RESTART|SA_SIGINFO}, NULL, 8) = 0
rt_sigprocmask(SIG_UNBLOCK, [RTMIN RT_1], NULL, 8) = 0
getrlimit(RLIMIT_STACK, {rlim_cur=8192*1024, rlim_max=RLIM_INFINITY}) = 0
uname({sys="Linux", node="daniela-ThinkPad-Edge-E320", ...}) = 0
brk(0)                                  = 0xa219000
brk(0xa23a000)                          = 0xa23a000
SYS_340(0, 0x2, 0, 0xbf9e80b0, 0xb759b000) = 0
clock_gettime(0x7 /* CLOCK_??? */, {44879, 832768752}) = 0
fcntl64(0, F_SETFD, FD_CLOEXEC)         = 0
fcntl64(1, F_SETFD, FD_CLOEXEC)         = 0
fcntl64(2, F_SETFD, FD_CLOEXEC)         = 0
fcntl64(3, F_SETFD, FD_CLOEXEC)         = -1 EBADF (Bad file descriptor)
fcntl64(4, F_SETFD, FD_CLOEXEC)         = -1 EBADF (Bad file descriptor)
fcntl64(5, F_SETFD, FD_CLOEXEC)         = -1 EBADF (Bad file descriptor)
fcntl64(6, F_SETFD, FD_CLOEXEC)         = -1 EBADF (Bad file descriptor)
fcntl64(7, F_SETFD, FD_CLOEXEC)         = -1 EBADF (Bad file descriptor)
fcntl64(8, F_SETFD, FD_CLOEXEC)         = -1 EBADF (Bad file descriptor)
fcntl64(9, F_SETFD, FD_CLOEXEC)         = -1 EBADF (Bad file descriptor)
fcntl64(10, F_SETFD, FD_CLOEXEC)        = -1 EBADF (Bad file descriptor)
fcntl64(11, F_SETFD, FD_CLOEXEC)        = -1 EBADF (Bad file descriptor)
fcntl64(12, F_SETFD, FD_CLOEXEC)        = -1 EBADF (Bad file descriptor)
fcntl64(13, F_SETFD, FD_CLOEXEC)        = -1 EBADF (Bad file descriptor)
fcntl64(14, F_SETFD, FD_CLOEXEC)        = -1 EBADF (Bad file descriptor)
fcntl64(15, F_SETFD, FD_CLOEXEC)        = -1 EBADF (Bad file descriptor)
fcntl64(16, F_SETFD, FD_CLOEXEC)        = -1 EBADF (Bad file descriptor)
rt_sigaction(SIGPIPE, {SIG_IGN, ~[RTMIN RT_1], 0}, NULL, 8) = 0
rt_sigaction(SIGINT, {0x819b850, ~[RTMIN RT_1], 0}, NULL, 8) = 0
rt_sigaction(SIGTERM, {0x819b850, ~[RTMIN RT_1], 0}, NULL, 8) = 0
clock_gettime(CLOCK_MONOTONIC, {16210, 835050204}) = 0
clock_gettime(CLOCK_MONOTONIC, {16210, 835203045}) = 0
getuid32()                              = 1000
geteuid32()                             = 1000
getgid32()                              = 1000
getegid32()                             = 1000
gettimeofday({1352601833, 259304}, NULL) = 0
clock_gettime(CLOCK_MONOTONIC, {16210, 835738073}) = 0
epoll_create1(O_CLOEXEC)                = 3
fcntl64(3, F_SETFD, FD_CLOEXEC)         = 0
eventfd2(0, O_NONBLOCK|O_CLOEXEC)       = 4
fcntl64(4, F_SETFD, FD_CLOEXEC)         = 0
fcntl64(4, F_SETFL, O_RDONLY|O_NONBLOCK) = 0
rt_sigaction(SIGCHLD, {0x8203760, ~[RTMIN RT_1], SA_RESTART}, NULL, 8) = 0
rt_sigaction(SIGUSR1, {0x819c760, ~[RTMIN RT_1], 0}, NULL, 8) = 0
gettimeofday({1352601833, 260073}, NULL) = 0
mmap2(0x322b5000, 4096, PROT_NONE, MAP_PRIVATE|MAP_ANONYMOUS|MAP_NORESERVE, -1, 0) = 0x322b5000
mmap2(0x322b5000, 4096, PROT_READ|PROT_WRITE|PROT_EXEC, MAP_PRIVATE|MAP_FIXED|MAP_ANONYMOUS, -1, 0) = 0x322b5000
munmap(0x322b5000, 4096)                = 0
mmap2(0x5e2b1000, 4096, PROT_READ|PROT_WRITE|PROT_EXEC, MAP_PRIVATE|MAP_ANONYMOUS, -1, 0) = 0x5e2b1000
mprotect(0x5e2b1000, 4096, PROT_READ|PROT_EXEC) = 0
mmap2(0x205b9000, 4096, PROT_READ|PROT_WRITE|PROT_EXEC, MAP_PRIVATE|MAP_ANONYMOUS, -1, 0) = 0x205b9000
mprotect(0x205b9000, 4096, PROT_READ|PROT_EXEC) = 0
mmap2(0x50d3f000, 4096, PROT_READ|PROT_WRITE|PROT_EXEC, MAP_PRIVATE|MAP_ANONYMOUS, -1, 0) = 0x50d3f000
mprotect(0x50d3f000, 4096, PROT_READ|PROT_EXEC) = 0
mmap2(0x329c4000, 4096, PROT_READ|PROT_WRITE|PROT_EXEC, MAP_PRIVATE|MAP_ANONYMOUS, -1, 0) = 0x329c4000
mprotect(0x329c4000, 4096, PROT_READ|PROT_EXEC) = 0
mmap2(0x5e213000, 4096, PROT_READ|PROT_WRITE|PROT_EXEC, MAP_PRIVATE|MAP_ANONYMOUS, -1, 0) = 0x5e213000
mprotect(0x5e213000, 4096, PROT_READ|PROT_EXEC) = 0
mmap2(0x408e3000, 4096, PROT_READ|PROT_WRITE|PROT_EXEC, MAP_PRIVATE|MAP_ANONYMOUS, -1, 0) = 0x408e3000
mprotect(0x408e3000, 4096, PROT_READ|PROT_EXEC) = 0
gettid()                                = 10132
mmap2(0x456fe000, 33554432, PROT_NONE, MAP_PRIVATE|MAP_ANONYMOUS|MAP_NORESERVE, -1, 0) = 0x456fe000
munmap(0x456fe000, 9445376)             = 0
munmap(0x47000000, 7331840)             = 0
mmap2(0x46700000, 1048576, PROT_READ|PROT_WRITE, MAP_PRIVATE|MAP_FIXED|MAP_ANONYMOUS, -1, 0) = 0x46700000
mmap2(0x26b34000, 196608, PROT_NONE, MAP_PRIVATE|MAP_ANONYMOUS|MAP_NORESERVE, -1, 0) = 0x26b34000
mmap2(0x42474000, 1048576, PROT_NONE, MAP_PRIVATE|MAP_ANONYMOUS|MAP_NORESERVE, -1, 0) = 0x42474000
mmap2(0x42474000, 4096, PROT_READ|PROT_WRITE, MAP_PRIVATE|MAP_FIXED|MAP_ANONYMOUS, -1, 0) = 0x42474000
mmap2(0x26b40000, 65536, PROT_READ|PROT_WRITE, MAP_PRIVATE|MAP_FIXED|MAP_ANONYMOUS, -1, 0) = 0x26b40000
brk(0xa25b000)                          = 0xa25b000
mmap2(0x24b53000, 1216512, PROT_NONE, MAP_PRIVATE|MAP_ANONYMOUS|MAP_NORESERVE, -1, 0) = 0x24b53000
munmap(0x24b53000, 708608)              = 0
munmap(0x24c29000, 339968)              = 0
mmap2(0x24c00000, 163968, PROT_READ|PROT_WRITE, MAP_PRIVATE|MAP_FIXED|MAP_ANONYMOUS, -1, 0) = 0x24c00000
mmap2(0x3a14c000, 1347584, PROT_NONE, MAP_PRIVATE|MAP_ANONYMOUS|MAP_NORESERVE, -1, 0) = 0x3a14c000
munmap(0x3a14c000, 737280)              = 0
munmap(0x3a249000, 311296)              = 0
mmap2(0x3a200000, 295040, PROT_READ|PROT_WRITE, MAP_PRIVATE|MAP_FIXED|MAP_ANONYMOUS, -1, 0) = 0x3a200000
mmap2(0x2e4a7000, 1282048, PROT_NONE, MAP_PRIVATE|MAP_ANONYMOUS|MAP_NORESERVE, -1, 0) = 0x2e4a7000
munmap(0x2e4a7000, 364544)              = 0
munmap(0x2e539000, 684032)              = 0
mmap2(0x2e500000, 229504, PROT_READ|PROT_WRITE, MAP_PRIVATE|MAP_FIXED|MAP_ANONYMOUS, -1, 0) = 0x2e500000
mmap2(0x21c8f000, 1486848, PROT_NONE, MAP_PRIVATE|MAP_ANONYMOUS|MAP_NORESERVE, -1, 0) = 0x21c8f000
munmap(0x21c8f000, 462848)              = 0
munmap(0x21d6b000, 585728)              = 0
mmap2(0x21d00000, 36864, PROT_READ|PROT_WRITE, MAP_PRIVATE|MAP_FIXED|MAP_ANONYMOUS, -1, 0) = 0x21d00000
mprotect(0x21d09000, 4096, PROT_NONE)   = 0
mmap2(0x21d0a000, 393216, PROT_READ|PROT_WRITE|PROT_EXEC, MAP_PRIVATE|MAP_FIXED|MAP_ANONYMOUS, -1, 0) = 0x21d0a000
mprotect(0x21d6a000, 4096, PROT_NONE)   = 0
mmap2(0x3a037000, 1183744, PROT_NONE, MAP_PRIVATE|MAP_ANONYMOUS|MAP_NORESERVE, -1, 0) = 0x3a037000
munmap(0x3a037000, 823296)              = 0
munmap(0x3a121000, 225280)              = 0
mmap2(0x3a100000, 131200, PROT_READ|PROT_WRITE, MAP_PRIVATE|MAP_FIXED|MAP_ANONYMOUS, -1, 0) = 0x3a100000
mmap2(NULL, 69632, PROT_READ|PROT_WRITE, MAP_PRIVATE|MAP_ANONYMOUS|MAP_STACK, -1, 0) = 0xb7700000
mprotect(0xb7700000, 4096, PROT_NONE)   = 0
clone(child_stack=0xb7710424, flags=CLONE_VM|CLONE_FS|CLONE_FILES|CLONE_SIGHAND|CLONE_THREAD|CLONE_SYSVSEM|CLONE_SETTLS|CLONE_PARENT_SETTID|CLONE_CHILD_CLEARTID, parent_tidptr=0xb7710ba8, {entry_number:6, base_addr:0xb7710b40, limit:1048575, seg_32bit:1, contents:0, read_exec_only:0, limit_in_pages:1, seg_not_present:0, useable:1}, child_tidptr=0xb7710ba8) = 10133
gettimeofday({1352601833, 268416}, NULL) = 0
futex(0xb720046c, FUTEX_WAKE_PRIVATE, 1) = 1
futex(0xb720046c, FUTEX_WAKE_PRIVATE, 1) = 1
readlink("/proc/self/exe", "/usr/local/bin/node", 8191) = 19
futex(0xb720046c, FUTEX_WAKE_PRIVATE, 1) = 0
brk(0xa286000)                          = 0xa286000
brk(0xa276000)                          = 0xa276000
futex(0xb720046c, FUTEX_WAKE_PRIVATE, 1) = 1
mmap2(NULL, 135168, PROT_READ|PROT_WRITE, MAP_PRIVATE|MAP_ANONYMOUS, -1, 0) = 0xb73d1000
futex(0xb720046c, FUTEX_WAKE_PRIVATE, 1) = 1
munmap(0xb73d1000, 135168)              = 0
futex(0xb720046c, FUTEX_WAKE_PRIVATE, 1) = 1
futex(0xb720046c, FUTEX_WAKE_PRIVATE, 1) = 1
brk(0xa2a6000)                          = 0xa2a6000
brk(0xa276000)                          = 0xa276000
futex(0xb720046c, FUTEX_WAKE_PRIVATE, 1) = 1
brk(0xa2a6000)                          = 0xa2a6000
futex(0xb720046c, FUTEX_WAKE_PRIVATE, 1) = 1
brk(0xa276000)                          = 0xa276000
futex(0xb720046c, FUTEX_WAKE_PRIVATE, 1) = 1
brk(0xa2a6000)                          = 0xa2a6000
brk(0xa276000)                          = 0xa276000
futex(0xb720046c, FUTEX_WAKE_PRIVATE, 1) = 1
brk(0xa2a6000)                          = 0xa2a6000
futex(0xb720046c, FUTEX_WAKE_PRIVATE, 1) = 1
brk(0xa276000)                          = 0xa276000
futex(0xb720046c, FUTEX_WAKE_PRIVATE, 1) = 1
getcwd("/home/merc/Synced/Development/Bookings/app", 4096) = 43
brk(0xa2a6000)                          = 0xa2a6000
brk(0xa276000)                          = 0xa276000
futex(0xb720046c, FUTEX_WAKE_PRIVATE, 1) = 1
brk(0xa2a6000)                          = 0xa2a6000
brk(0xa276000)                          = 0xa276000
getcwd("/home/merc/Synced/Development/Bookings/app", 4096) = 43
brk(0xa2a6000)                          = 0xa2a6000
brk(0xa276000)                          = 0xa276000
brk(0xa2a6000)                          = 0xa2a6000
futex(0xb720046c, FUTEX_WAKE_PRIVATE, 1) = 1
brk(0xa276000)                          = 0xa276000
clock_gettime(CLOCK_MONOTONIC, {16210, 868322061}) = 0
brk(0xa2a6000)                          = 0xa2a6000
mmap2(NULL, 266240, PROT_READ|PROT_WRITE, MAP_PRIVATE|MAP_ANONYMOUS, -1, 0) = 0xb73b1000
munmap(0xb73b1000, 266240)              = 0
futex(0xb720046c, FUTEX_WAKE_PRIVATE, 1) = 1
brk(0xa2e7000)                          = 0xa2e7000
mmap2(0x22f25000, 2097152, PROT_NONE, MAP_PRIVATE|MAP_ANONYMOUS|MAP_NORESERVE, -1, 0) = 0x22f25000
munmap(0x22f25000, 897024)              = 0
munmap(0x23100000, 151552)              = 0
mmap2(0x23000000, 1048576, PROT_READ|PROT_WRITE, MAP_PRIVATE|MAP_FIXED|MAP_ANONYMOUS, -1, 0) = 0x23000000
mmap2(0x50fb7000, 2097152, PROT_NONE, MAP_PRIVATE|MAP_ANONYMOUS|MAP_NORESERVE, -1, 0) = 0x50fb7000
munmap(0x50fb7000, 299008)              = 0
munmap(0x51100000, 749568)              = 0
mmap2(0x51000000, 36864, PROT_READ|PROT_WRITE, MAP_PRIVATE|MAP_FIXED|MAP_ANONYMOUS, -1, 0) = 0x51000000
mprotect(0x51009000, 4096, PROT_NONE)   = 0
mmap2(0x5100a000, 1003520, PROT_READ|PROT_WRITE|PROT_EXEC, MAP_PRIVATE|MAP_FIXED|MAP_ANONYMOUS, -1, 0) = 0x5100a000
mprotect(0x510ff000, 4096, PROT_NONE)   = 0
futex(0xb720046c, FUTEX_WAKE_PRIVATE, 1) = 1
brk(0xa276000)                          = 0xa276000
pipe2([5, 6], O_NONBLOCK|O_CLOEXEC)     = 0
futex(0x88376bc, FUTEX_WAKE_PRIVATE, 2147483647) = 0
stat64("/home/merc/Synced/Development/Bookings/app/server.js", {st_mode=S_IFREG|0664, st_size=2476, ...}) = 0
futex(0xb720046c, FUTEX_WAKE_PRIVATE, 1) = 1
gettimeofday({1352601833, 299939}, NULL) = 0
gettimeofday({1352601833, 300222}, NULL) = 0
gettimeofday({1352601833, 300375}, NULL) = 0
futex(0xb720046c, FUTEX_WAKE_PRIVATE, 1) = 1
lstat64("/home", {st_mode=S_IFDIR|0755, st_size=4096, ...}) = 0
futex(0xb720046c, FUTEX_WAKE_PRIVATE, 1) = 1
gettimeofday({1352601833, 302185}, NULL) = 0
gettimeofday({1352601833, 302287}, NULL) = 0
gettimeofday({1352601833, 302386}, NULL) = 0
lstat64("/home/merc", {st_mode=S_IFDIR|0755, st_size=4096, ...}) = 0
gettimeofday({1352601833, 302833}, NULL) = 0
gettimeofday({1352601833, 302931}, NULL) = 0
gettimeofday({1352601833, 303028}, NULL) = 0
lstat64("/home/merc/Synced", {st_mode=S_IFDIR|0775, st_size=4096, ...}) = 0
gettimeofday({1352601833, 303382}, NULL) = 0
gettimeofday({1352601833, 303463}, NULL) = 0
gettimeofday({1352601833, 303541}, NULL) = 0
lstat64("/home/merc/Synced/Development", {st_mode=S_IFDIR|0775, st_size=4096, ...}) = 0
gettimeofday({1352601833, 303865}, NULL) = 0
gettimeofday({1352601833, 303941}, NULL) = 0
gettimeofday({1352601833, 304018}, NULL) = 0
lstat64("/home/merc/Synced/Development/Bookings", {st_mode=S_IFDIR|0775, st_size=4096, ...}) = 0
gettimeofday({1352601833, 304333}, NULL) = 0
gettimeofday({1352601833, 304409}, NULL) = 0
gettimeofday({1352601833, 304484}, NULL) = 0
lstat64("/home/merc/Synced/Development/Bookings/app", {st_mode=S_IFDIR|0755, st_size=4096, ...}) = 0
gettimeofday({1352601833, 304760}, NULL) = 0
gettimeofday({1352601833, 304835}, NULL) = 0
gettimeofday({1352601833, 304911}, NULL) = 0
lstat64("/home/merc/Synced/Development/Bookings/app/server.js", {st_mode=S_IFREG|0664, st_size=2476, ...}) = 0
gettimeofday({1352601833, 305207}, NULL) = 0
gettimeofday({1352601833, 305284}, NULL) = 0
gettimeofday({1352601833, 305359}, NULL) = 0
futex(0xb720046c, FUTEX_WAKE_PRIVATE, 1) = 1
open("/home/merc/Synced/Development/Bookings/app/server.js", O_RDONLY|O_LARGEFILE) = 7
fcntl64(7, F_SETFD, FD_CLOEXEC)         = 0
fstat64(7, {st_mode=S_IFREG|0664, st_size=2476, ...}) = 0
futex(0xb720046c, FUTEX_WAKE_PRIVATE, 1) = 1
gettimeofday({1352601833, 307650}, NULL) = 0
gettimeofday({1352601833, 307796}, NULL) = 0
gettimeofday({1352601833, 307874}, NULL) = 0
pread64(7, "/**\n * Module dependencies.\n */\n"..., 2476, 0) = 2476
close(7)                                = 0
futex(0xb720046c, FUTEX_WAKE_PRIVATE, 1) = 1
futex(0xb720046c, FUTEX_WAKE_PRIVATE, 1) = 1
stat64("/home/merc/Synced/Development/Bookings/app/node_modules/express", {st_mode=S_IFDIR|0775, st_size=4096, ...}) = 0
gettimeofday({1352601833, 311321}, NULL) = 0
gettimeofday({1352601833, 311408}, NULL) = 0
gettimeofday({1352601833, 311489}, NULL) = 0
stat64("/home/merc/Synced/Development/Bookings/app/node_modules/express.js", 0xbf9e7ac4) = -1 ENOENT (No such file or directory)
stat64("/home/merc/Synced/Development/Bookings/app/node_modules/express.json", 0xbf9e7ac4) = -1 ENOENT (No such file or directory)
stat64("/home/merc/Synced/Development/Bookings/app/node_modules/express.node", 0xbf9e7ac4) = -1 ENOENT (No such file or directory)
open("/home/merc/Synced/Development/Bookings/app/node_modules/express/package.json", O_RDONLY|O_LARGEFILE) = 7
fcntl64(7, F_SETFD, FD_CLOEXEC)         = 0
fstat64(7, {st_mode=S_IFREG|0666, st_size=7687, ...}) = 0
futex(0xb720046c, FUTEX_WAKE_PRIVATE, 1) = 1
gettimeofday({1352601833, 313149}, NULL) = 0
gettimeofday({1352601833, 313262}, NULL) = 0
gettimeofday({1352601833, 313367}, NULL) = 0
pread64(7, "{\n  \"name\": \"express\",\n  \"descri"..., 7687, 0) = 7687
close(7)                                = 0
futex(0xb720046c, FUTEX_WAKE_PRIVATE, 1) = 1
stat64("/home/merc/Synced/Development/Bookings/app/node_modules/express/index", 0xbf9e7ac4) = -1 ENOENT (No such file or directory)
stat64("/home/merc/Synced/Development/Bookings/app/node_modules/express/index.js", {st_mode=S_IFREG|0666, st_size=104, ...}) = 0
gettimeofday({1352601833, 315356}, NULL) = 0
gettimeofday({1352601833, 315439}, NULL) = 0
gettimeofday({1352601833, 315512}, NULL) = 0
lstat64("/home/merc/Synced/Development/Bookings/app/node_modules", {st_mode=S_IFLNK|0777, st_size=27, ...}) = 0
gettimeofday({1352601833, 316026}, NULL) = 0
gettimeofday({1352601833, 316103}, NULL) = 0
gettimeofday({1352601833, 316176}, NULL) = 0
stat64("/home/merc/Synced/Development/Bookings/app/node_modules", {st_mode=S_IFDIR|0775, st_size=4096, ...}) = 0
gettimeofday({1352601833, 316766}, NULL) = 0
gettimeofday({1352601833, 316842}, NULL) = 0
gettimeofday({1352601833, 316917}, NULL) = 0
readlink("/home/merc/Synced/Development/Bookings/app/node_modules", "../libs/server/node_modules", 4096) = 27
lstat64("/home/merc/Synced/Development/Bookings/libs", {st_mode=S_IFDIR|0775, st_size=4096, ...}) = 0
gettimeofday({1352601833, 317535}, NULL) = 0
gettimeofday({1352601833, 317612}, NULL) = 0
gettimeofday({1352601833, 317687}, NULL) = 0
lstat64("/home/merc/Synced/Development/Bookings/libs/server", {st_mode=S_IFDIR|0775, st_size=4096, ...}) = 0
gettimeofday({1352601833, 317976}, NULL) = 0
gettimeofday({1352601833, 318052}, NULL) = 0
gettimeofday({1352601833, 318127}, NULL) = 0
lstat64("/home/merc/Synced/Development/Bookings/libs/server/node_modules", {st_mode=S_IFDIR|0775, st_size=4096, ...}) = 0
gettimeofday({1352601833, 318437}, NULL) = 0
gettimeofday({1352601833, 318565}, NULL) = 0
gettimeofday({1352601833, 318681}, NULL) = 0
lstat64("/home/merc/Synced/Development/Bookings/libs/server/node_modules/express", {st_mode=S_IFDIR|0775, st_size=4096, ...}) = 0
gettimeofday({1352601833, 319021}, NULL) = 0
gettimeofday({1352601833, 319098}, NULL) = 0
gettimeofday({1352601833, 319193}, NULL) = 0
lstat64("/home/merc/Synced/Development/Bookings/libs/server/node_modules/express/index.js", {st_mode=S_IFREG|0666, st_size=104, ...}) = 0
gettimeofday({1352601833, 319524}, NULL) = 0
gettimeofday({1352601833, 319600}, NULL) = 0
gettimeofday({1352601833, 319745}, NULL) = 0
open("/home/merc/Synced/Development/Bookings/libs/server/node_modules/express/index.js", O_RDONLY|O_LARGEFILE) = 7
fcntl64(7, F_SETFD, FD_CLOEXEC)         = 0
fstat64(7, {st_mode=S_IFREG|0666, st_size=104, ...}) = 0
gettimeofday({1352601833, 320773}, NULL) = 0
gettimeofday({1352601833, 320873}, NULL) = 0
gettimeofday({1352601833, 320955}, NULL) = 0
pread64(7, "\nmodule.exports = process.env.EX"..., 104, 0) = 104
close(7)                                = 0
futex(0xb720046c, FUTEX_WAKE_PRIVATE, 1) = 1
stat64("/home/merc/Synced/Development/Bookings/libs/server/node_modules/express/lib/express", 0xbf9e7984) = -1 ENOENT (No such file or directory)
stat64("/home/merc/Synced/Development/Bookings/libs/server/node_modules/express/lib/express.js", {st_mode=S_IFREG|0666, st_size=1682, ...}) = 0
gettimeofday({1352601833, 323110}, NULL) = 0
gettimeofday({1352601833, 323222}, NULL) = 0
gettimeofday({1352601833, 323326}, NULL) = 0
lstat64("/home/merc/Synced/Development/Bookings/libs/server/node_modules/express/lib", {st_mode=S_IFDIR|0777, st_size=4096, ...}) = 0
gettimeofday({1352601833, 323863}, NULL) = 0
gettimeofday({1352601833, 323942}, NULL) = 0
gettimeofday({1352601833, 324017}, NULL) = 0
lstat64("/home/merc/Synced/Development/Bookings/libs/server/node_modules/express/lib/express.js", {st_mode=S_IFREG|0666, st_size=1682, ...}) = 0
gettimeofday({1352601833, 324344}, NULL) = 0
gettimeofday({1352601833, 324419}, NULL) = 0
gettimeofday({1352601833, 324494}, NULL) = 0
open("/home/merc/Synced/Development/Bookings/libs/server/node_modules/express/lib/express.js", O_RDONLY|O_LARGEFILE) = 7
fcntl64(7, F_SETFD, FD_CLOEXEC)         = 0
fstat64(7, {st_mode=S_IFREG|0666, st_size=1682, ...}) = 0
gettimeofday({1352601833, 325135}, NULL) = 0
gettimeofday({1352601833, 325222}, NULL) = 0
gettimeofday({1352601833, 325298}, NULL) = 0
pread64(7, "/**\n * Module dependencies.\n */\n"..., 1682, 0) = 1682
close(7)                                = 0
stat64("/home/merc/Synced/Development/Bookings/libs/server/node_modules/express/lib/node_modules/connect", 0xbf9e7814) = -1 ENOENT (No such file or directory)
stat64("/home/merc/Synced/Development/Bookings/libs/server/node_modules/express/lib/node_modules/connect.js", 0xbf9e77e4) = -1 ENOENT (No such file or directory)
stat64("/home/merc/Synced/Development/Bookings/libs/server/node_modules/express/lib/node_modules/connect.json", 0xbf9e77e4) = -1 ENOENT (No such file or directory)
stat64("/home/merc/Synced/Development/Bookings/libs/server/node_modules/express/lib/node_modules/connect.node", 0xbf9e77e4) = -1 ENOENT (No such file or directory)
open("/home/merc/Synced/Development/Bookings/libs/server/node_modules/express/lib/node_modules/connect/package.json", O_RDONLY|O_LARGEFILE) = -1 ENOENT (No such file or directory)
futex(0xb720046c, FUTEX_WAKE_PRIVATE, 1) = 1
futex(0xb720046c, FUTEX_WAKE_PRIVATE, 1) = 1
stat64("/home/merc/Synced/Development/Bookings/libs/server/node_modules/express/lib/node_modules/connect/index.js", 0xbf9e77e4) = -1 ENOENT (No such file or directory)
stat64("/home/merc/Synced/Development/Bookings/libs/server/node_modules/express/lib/node_modules/connect/index.json", 0xbf9e77e4) = -1 ENOENT (No such file or directory)
stat64("/home/merc/Synced/Development/Bookings/libs/server/node_modules/express/lib/node_modules/connect/index.node", 0xbf9e77e4) = -1 ENOENT (No such file or directory)
stat64("/home/merc/Synced/Development/Bookings/libs/server/node_modules/express/node_modules/connect", {st_mode=S_IFDIR|0775, st_size=4096, ...}) = 0
gettimeofday({1352601833, 329532}, NULL) = 0
gettimeofday({1352601833, 329615}, NULL) = 0
gettimeofday({1352601833, 329692}, NULL) = 0
stat64("/home/merc/Synced/Development/Bookings/libs/server/node_modules/express/node_modules/connect.js", 0xbf9e77e4) = -1 ENOENT (No such file or directory)
stat64("/home/merc/Synced/Development/Bookings/libs/server/node_modules/express/node_modules/connect.json", 0xbf9e77e4) = -1 ENOENT (No such file or directory)
stat64("/home/merc/Synced/Development/Bookings/libs/server/node_modules/express/node_modules/connect.node", 0xbf9e77e4) = -1 ENOENT (No such file or directory)
open("/home/merc/Synced/Development/Bookings/libs/server/node_modules/express/node_modules/connect/package.json", O_RDONLY|O_LARGEFILE) = 7
fcntl64(7, F_SETFD, FD_CLOEXEC)         = 0
fstat64(7, {st_mode=S_IFREG|0666, st_size=4759, ...}) = 0
gettimeofday({1352601833, 331069}, NULL) = 0
gettimeofday({1352601833, 331151}, NULL) = 0
gettimeofday({1352601833, 331236}, NULL) = 0
pread64(7, "{\n  \"name\": \"connect\",\n  \"versio"..., 4759, 0) = 4759
close(7)                                = 0
stat64("/home/merc/Synced/Development/Bookings/libs/server/node_modules/express/node_modules/connect/index", 0xbf9e77f4) = -1 ENOENT (No such file or directory)
stat64("/home/merc/Synced/Development/Bookings/libs/server/node_modules/express/node_modules/connect/index.js", {st_mode=S_IFREG|0666, st_size=104, ...}) = 0
gettimeofday({1352601833, 332596}, NULL) = 0
gettimeofday({1352601833, 332673}, NULL) = 0
gettimeofday({1352601833, 332748}, NULL) = 0
lstat64("/home/merc/Synced/Development/Bookings/libs/server/node_modules/express/node_modules", {st_mode=S_IFDIR|0775, st_size=4096, ...}) = 0
futex(0xb720046c, FUTEX_WAKE_PRIVATE, 1) = 0
gettimeofday({1352601833, 333242}, NULL) = 0
gettimeofday({1352601833, 333318}, NULL) = 0
gettimeofday({1352601833, 333408}, NULL) = 0
lstat64("/home/merc/Synced/Development/Bookings/libs/server/node_modules/express/node_modules/connect", {st_mode=S_IFDIR|0775, st_size=4096, ...}) = 0
gettimeofday({1352601833, 333733}, NULL) = 0
gettimeofday({1352601833, 333808}, NULL) = 0
gettimeofday({1352601833, 333884}, NULL) = 0
lstat64("/home/merc/Synced/Development/Bookings/libs/server/node_modules/express/node_modules/connect/index.js", {st_mode=S_IFREG|0666, st_size=104, ...}) = 0
gettimeofday({1352601833, 334206}, NULL) = 0
gettimeofday({1352601833, 334281}, NULL) = 0
gettimeofday({1352601833, 334356}, NULL) = 0
open("/home/merc/Synced/Development/Bookings/libs/server/node_modules/express/node_modules/connect/index.js", O_RDONLY|O_LARGEFILE) = 7
fcntl64(7, F_SETFD, FD_CLOEXEC)         = 0
fstat64(7, {st_mode=S_IFREG|0666, st_size=104, ...}) = 0
gettimeofday({1352601833, 334980}, NULL) = 0
gettimeofday({1352601833, 335058}, NULL) = 0
gettimeofday({1352601833, 335138}, NULL) = 0
pread64(7, "\nmodule.exports = process.env.CO"..., 104, 0) = 104
close(7)                                = 0
stat64("/home/merc/Synced/Development/Bookings/libs/server/node_modules/express/node_modules/connect/lib/connect", 0xbf9e76b4) = -1 ENOENT (No such file or directory)
stat64("/home/merc/Synced/Development/Bookings/libs/server/node_modules/express/node_modules/connect/lib/connect.js", {st_mode=S_IFREG|0666, st_size=1590, ...}) = 0
gettimeofday({1352601833, 337366}, NULL) = 0
gettimeofday({1352601833, 337457}, NULL) = 0
gettimeofday({1352601833, 337563}, NULL) = 0
lstat64("/home/merc/Synced/Development/Bookings/libs/server/node_modules/express/node_modules/connect/lib", {st_mode=S_IFDIR|0777, st_size=4096, ...}) = 0
gettimeofday({1352601833, 338112}, NULL) = 0
gettimeofday({1352601833, 338216}, NULL) = 0
gettimeofday({1352601833, 338289}, NULL) = 0
lstat64("/home/merc/Synced/Development/Bookings/libs/server/node_modules/express/node_modules/connect/lib/connect.js", {st_mode=S_IFREG|0666, st_size=1590, ...}) = 0
gettimeofday({1352601833, 338714}, NULL) = 0
gettimeofday({1352601833, 338809}, NULL) = 0
gettimeofday({1352601833, 338891}, NULL) = 0
open("/home/merc/Synced/Development/Bookings/libs/server/node_modules/express/node_modules/connect/lib/connect.js", O_RDONLY|O_LARGEFILE) = 7
fcntl64(7, F_SETFD, FD_CLOEXEC)         = 0
fstat64(7, {st_mode=S_IFREG|0666, st_size=1590, ...}) = 0
gettimeofday({1352601833, 339737}, NULL) = 0
gettimeofday({1352601833, 339813}, NULL) = 0
gettimeofday({1352601833, 339893}, NULL) = 0
pread64(7, "\n/*!\n * Connect\n * Copyright(c) "..., 1590, 0) = 1590
close(7)                                = 0
futex(0xb720046c, FUTEX_WAKE_PRIVATE, 1) = 1
stat64("/home/merc/Synced/Development/Bookings/libs/server/node_modules/express/node_modules/connect/lib/proto", 0xbf9e7544) = -1 ENOENT (No such file or directory)
stat64("/home/merc/Synced/Development/Bookings/libs/server/node_modules/express/node_modules/connect/lib/proto.js", {st_mode=S_IFREG|0666, st_size=5723, ...}) = 0
gettimeofday({1352601833, 342340}, NULL) = 0
gettimeofday({1352601833, 342435}, NULL) = 0
gettimeofday({1352601833, 342540}, NULL) = 0
gettimeofday({1352601833, 342705}, NULL) = 0
brk(0xa2b3000)                          = 0xa2b3000
brk(0xa2f3000)                          = 0xa2f3000
mmap2(0x2f21d000, 1261568, PROT_NONE, MAP_PRIVATE|MAP_ANONYMOUS|MAP_NORESERVE, -1, 0) = 0x2f21d000
munmap(0x2f21d000, 929792)              = 0
munmap(0x2f334000, 118784)              = 0
mmap2(0x2f300000, 36864, PROT_READ|PROT_WRITE, MAP_PRIVATE|MAP_FIXED|MAP_ANONYMOUS, -1, 0) = 0x2f300000
mprotect(0x2f309000, 4096, PROT_NONE)   = 0
mmap2(0x2f30a000, 167936, PROT_READ|PROT_WRITE|PROT_EXEC, MAP_PRIVATE|MAP_FIXED|MAP_ANONYMOUS, -1, 0) = 0x2f30a000
mprotect(0x2f333000, 4096, PROT_NONE)   = 0
brk(0xa277000)                          = 0xa277000
gettimeofday({1352601833, 346954}, NULL) = 0
futex(0xb720046c, FUTEX_WAKE_PRIVATE, 1) = 1
lstat64("/home/merc/Synced/Development/Bookings/libs/server/node_modules/express/node_modules/connect/lib/proto.js", {st_mode=S_IFREG|0666, st_size=5723, ...}) = 0
gettimeofday({1352601833, 347878}, NULL) = 0
gettimeofday({1352601833, 347968}, NULL) = 0
gettimeofday({1352601833, 348050}, NULL) = 0
open("/home/merc/Synced/Development/Bookings/libs/server/node_modules/express/node_modules/connect/lib/proto.js", O_RDONLY|O_LARGEFILE) = 7
fcntl64(7, F_SETFD, FD_CLOEXEC)         = 0
fstat64(7, {st_mode=S_IFREG|0666, st_size=5723, ...}) = 0
gettimeofday({1352601833, 348880}, NULL) = 0
gettimeofday({1352601833, 348966}, NULL) = 0
gettimeofday({1352601833, 349053}, NULL) = 0
pread64(7, "\n/*!\n * Connect - HTTPServer\n * "..., 5723, 0) = 5723
close(7)                                = 0
futex(0xb720046c, FUTEX_WAKE_PRIVATE, 1) = 1
futex(0xb720046c, FUTEX_WAKE_PRIVATE, 1) = 1
brk(0xa2a9000)                          = 0xa2a9000
brk(0xa2ea000)                          = 0xa2ea000
brk(0xa279000)                          = 0xa279000
futex(0xb720046c, FUTEX_WAKE_PRIVATE, 1) = 1
brk(0xa2a9000)                          = 0xa2a9000
brk(0xa2ea000)                          = 0xa2ea000
futex(0xb720046c, FUTEX_WAKE_PRIVATE, 1) = 1
futex(0xb720046c, FUTEX_WAKE_PRIVATE, 1) = 1
futex(0xb720046c, FUTEX_WAKE_PRIVATE, 1) = 1
brk(0xa279000)                          = 0xa279000
futex(0xb720046c, FUTEX_WAKE_PRIVATE, 1) = 1
futex(0xb720046c, FUTEX_WAKE_PRIVATE, 1) = 1
futex(0xb720046c, FUTEX_WAKE_PRIVATE, 1) = 1
mmap2(0x20d43000, 2097152, PROT_NONE, MAP_PRIVATE|MAP_ANONYMOUS|MAP_NORESERVE, -1, 0) = 0x20d43000
munmap(0x20d43000, 774144)              = 0
munmap(0x20f00000, 274432)              = 0
mmap2(0x20e00000, 1048576, PROT_READ|PROT_WRITE, MAP_PRIVATE|MAP_FIXED|MAP_ANONYMOUS, -1, 0) = 0x20e00000
brk(0xa2a9000)                          = 0xa2a9000
futex(0xb720046c, FUTEX_WAKE_PRIVATE, 1) = 1
futex(0xb720046c, FUTEX_WAKE_PRIVATE, 1) = 1
futex(0xb720046c, FUTEX_WAKE_PRIVATE, 1) = 1
futex(0xb720046c, FUTEX_WAKE_PRIVATE, 1) = 1
futex(0xb720046c, FUTEX_WAKE_PRIVATE, 1) = 1
futex(0xb720046c, FUTEX_WAKE_PRIVATE, 1) = 1
futex(0xb720046c, FUTEX_WAKE_PRIVATE, 1) = 1
stat64("/home/merc/Synced/Development/Bookings/libs/server/node_modules/express/node_modules/connect/lib/utils", 0xbf9e73d4) = -1 ENOENT (No such file or directory)
stat64("/home/merc/Synced/Development/Bookings/libs/server/node_modules/express/node_modules/connect/lib/utils.js", {st_mode=S_IFREG|0666, st_size=7045, ...}) = 0
gettimeofday({1352601833, 414510}, NULL) = 0
gettimeofday({1352601833, 414653}, NULL) = 0
gettimeofday({1352601833, 414757}, NULL) = 0
lstat64("/home/merc/Synced/Development/Bookings/libs/server/node_modules/express/node_modules/connect/lib/utils.js", {st_mode=S_IFREG|0666, st_size=7045, ...}) = 0
gettimeofday({1352601833, 415389}, NULL) = 0
gettimeofday({1352601833, 415475}, NULL) = 0
gettimeofday({1352601833, 415557}, NULL) = 0
open("/home/merc/Synced/Development/Bookings/libs/server/node_modules/express/node_modules/connect/lib/utils.js", O_RDONLY|O_LARGEFILE) = 7
fcntl64(7, F_SETFD, FD_CLOEXEC)         = 0
fstat64(7, {st_mode=S_IFREG|0666, st_size=7045, ...}) = 0
gettimeofday({1352601833, 416649}, NULL) = 0
gettimeofday({1352601833, 416766}, NULL) = 0
gettimeofday({1352601833, 416881}, NULL) = 0
pread64(7, "\n/*!\n * Connect - utils\n * Copyr"..., 7045, 0) = 7045
close(7)                                = 0
futex(0xb720046c, FUTEX_WAKE_PRIVATE, 1) = 1
futex(0xb720046c, FUTEX_WAKE_PRIVATE, 1) = 1
futex(0xb720046c, FUTEX_WAKE_PRIVATE, 1) = 1
futex(0xb720046c, FUTEX_WAKE_PRIVATE, 1) = 1
futex(0xb720046c, FUTEX_WAKE_PRIVATE, 1) = 1
futex(0xb720046c, FUTEX_WAKE_PRIVATE, 1) = 1
futex(0xb720046c, FUTEX_WAKE_PRIVATE, 1) = 1
mmap2(0x46f00000, 1048576, PROT_READ|PROT_WRITE, MAP_PRIVATE|MAP_FIXED|MAP_ANONYMOUS, -1, 0) = 0x46f00000
mmap2(0x42475000, 4096, PROT_READ|PROT_WRITE, MAP_PRIVATE|MAP_FIXED|MAP_ANONYMOUS, -1, 0) = 0x42475000
mmap2(0x42476000, 8192, PROT_READ|PROT_WRITE, MAP_PRIVATE|MAP_FIXED|MAP_ANONYMOUS, -1, 0) = 0x42476000
mmap2(0x42478000, 16384, PROT_READ|PROT_WRITE, MAP_PRIVATE|MAP_FIXED|MAP_ANONYMOUS, -1, 0) = 0x42478000
mmap2(0x4247c000, 32768, PROT_READ|PROT_WRITE, MAP_PRIVATE|MAP_FIXED|MAP_ANONYMOUS, -1, 0) = 0x4247c000
mmap2(0x42484000, 65536, PROT_READ|PROT_WRITE, MAP_PRIVATE|MAP_FIXED|MAP_ANONYMOUS, -1, 0) = 0x42484000
mmap2(0x42494000, 131072, PROT_READ|PROT_WRITE, MAP_PRIVATE|MAP_FIXED|MAP_ANONYMOUS, -1, 0) = 0x42494000
mmap2(0x424b4000, 262144, PROT_READ|PROT_WRITE, MAP_PRIVATE|MAP_FIXED|MAP_ANONYMOUS, -1, 0) = 0x424b4000
mmap2(0x424f4000, 524288, PROT_READ|PROT_WRITE, MAP_PRIVATE|MAP_FIXED|MAP_ANONYMOUS, -1, 0) = 0x424f4000
gettimeofday({1352601833, 438674}, NULL) = 0
gettimeofday({1352601833, 438915}, NULL) = 0
futex(0xb720046c, FUTEX_WAKE_PRIVATE, 1) = 1
stat64("/home/merc/Synced/Development/Bookings/libs/server/node_modules/express/node_modules/connect/lib/node_modules/pause", 0xbf9e7264) = -1 ENOENT (No such file or directory)
stat64("/home/merc/Synced/Development/Bookings/libs/server/node_modules/express/node_modules/connect/lib/node_modules/pause.js", 0xbf9e7234) = -1 ENOENT (No such file or directory)
stat64("/home/merc/Synced/Development/Bookings/libs/server/node_modules/express/node_modules/connect/lib/node_modules/pause.json", 0xbf9e7234) = -1 ENOENT (No such file or directory)
stat64("/home/merc/Synced/Development/Bookings/libs/server/node_modules/express/node_modules/connect/lib/node_modules/pause.node", 0xbf9e7234) = -1 ENOENT (No such file or directory)
open("/home/merc/Synced/Development/Bookings/libs/server/node_modules/express/node_modules/connect/lib/node_modules/pause/package.json", O_RDONLY|O_LARGEFILE) = -1 ENOENT (No such file or directory)
stat64("/home/merc/Synced/Development/Bookings/libs/server/node_modules/express/node_modules/connect/lib/node_modules/pause/index.js", 0xbf9e7234) = -1 ENOENT (No such file or directory)
stat64("/home/merc/Synced/Development/Bookings/libs/server/node_modules/express/node_modules/connect/lib/node_modules/pause/index.json", 0xbf9e7234) = -1 ENOENT (No such file or directory)
stat64("/home/merc/Synced/Development/Bookings/libs/server/node_modules/express/node_modules/connect/lib/node_modules/pause/index.node", 0xbf9e7234) = -1 ENOENT (No such file or directory)
stat64("/home/merc/Synced/Development/Bookings/libs/server/node_modules/express/node_modules/connect/node_modules/pause", {st_mode=S_IFDIR|0775, st_size=4096, ...}) = 0
gettimeofday({1352601833, 443410}, NULL) = 0
gettimeofday({1352601833, 443523}, NULL) = 0
gettimeofday({1352601833, 443615}, NULL) = 0
stat64("/home/merc/Synced/Development/Bookings/libs/server/node_modules/express/node_modules/connect/node_modules/pause.js", 0xbf9e7234) = -1 ENOENT (No such file or directory)
stat64("/home/merc/Synced/Development/Bookings/libs/server/node_modules/express/node_modules/connect/node_modules/pause.json", 0xbf9e7234) = -1 ENOENT (No such file or directory)
stat64("/home/merc/Synced/Development/Bookings/libs/server/node_modules/express/node_modules/connect/node_modules/pause.node", 0xbf9e7234) = -1 ENOENT (No such file or directory)
open("/home/merc/Synced/Development/Bookings/libs/server/node_modules/express/node_modules/connect/node_modules/pause/package.json", O_RDONLY|O_LARGEFILE) = 7
fcntl64(7, F_SETFD, FD_CLOEXEC)         = 0
fstat64(7, {st_mode=S_IFREG|0666, st_size=1527, ...}) = 0
gettimeofday({1352601833, 445458}, NULL) = 0
gettimeofday({1352601833, 445540}, NULL) = 0
gettimeofday({1352601833, 445621}, NULL) = 0
pread64(7, "{\n  \"name\": \"pause\",\n  \"version\""..., 1527, 0) = 1527
close(7)                                = 0
stat64("/home/merc/Synced/Development/Bookings/libs/server/node_modules/express/node_modules/connect/node_modules/pause/index", 0xbf9e7244) = -1 ENOENT (No such file or directory)
gettimeofday({1352601833, 446918}, NULL) = 0
gettimeofday({1352601833, 450365}, NULL) = 0
futex(0xb720046c, FUTEX_WAKE_PRIVATE, 1) = 1
stat64("/home/merc/Synced/Development/Bookings/libs/server/node_modules/express/node_modules/connect/node_modules/pause/index.js", {st_mode=S_IFREG|0666, st_size=595, ...}) = 0
gettimeofday({1352601833, 451086}, NULL) = 0
gettimeofday({1352601833, 451214}, NULL) = 0
gettimeofday({1352601833, 451362}, NULL) = 0
lstat64("/home/merc/Synced/Development/Bookings/libs/server/node_modules/express/node_modules/connect/node_modules", {st_mode=S_IFDIR|0775, st_size=4096, ...}) = 0
gettimeofday({1352601833, 452249}, NULL) = 0
gettimeofday({1352601833, 452646}, NULL) = 0
futex(0xb720046c, FUTEX_WAKE_PRIVATE, 1) = 1
gettimeofday({1352601833, 452933}, NULL) = 0
gettimeofday({1352601833, 453107}, NULL) = 0
gettimeofday({1352601833, 453595}, NULL) = 0
gettimeofday({1352601833, 453705}, NULL) = 0
gettimeofday({1352601833, 453816}, NULL) = 0
lstat64("/home/merc/Synced/Development/Bookings/libs/server/node_modules/express/node_modules/connect/node_modules/pause", {st_mode=S_IFDIR|0775, st_size=4096, ...}) = 0
gettimeofday({1352601833, 454267}, NULL) = 0
gettimeofday({1352601833, 454366}, NULL) = 0
gettimeofday({1352601833, 454470}, NULL) = 0
lstat64("/home/merc/Synced/Development/Bookings/libs/server/node_modules/express/node_modules/connect/node_modules/pause/index.js", {st_mode=S_IFREG|0666, st_size=595, ...}) = 0
gettimeofday({1352601833, 454918}, NULL) = 0
gettimeofday({1352601833, 455072}, NULL) = 0
gettimeofday({1352601833, 455187}, NULL) = 0
open("/home/merc/Synced/Development/Bookings/libs/server/node_modules/express/node_modules/connect/node_modules/pause/index.js", O_RDONLY|O_LARGEFILE) = 7
fcntl64(7, F_SETFD, FD_CLOEXEC)         = 0
fstat64(7, {st_mode=S_IFREG|0666, st_size=595, ...}) = 0
gettimeofday({1352601833, 456380}, NULL) = 0
gettimeofday({1352601833, 456486}, NULL) = 0
gettimeofday({1352601833, 456624}, NULL) = 0
pread64(7, "\nmodule.exports = function(obj){"..., 595, 0) = 595
close(7)                                = 0
futex(0xb720046c, FUTEX_WAKE_PRIVATE, 1) = 1
stat64("/home/merc/Synced/Development/Bookings/libs/server/node_modules/express/node_modules/connect/lib/node_modules/bytes", 0xbf9e7264) = -1 ENOENT (No such file or directory)
stat64("/home/merc/Synced/Development/Bookings/libs/server/node_modules/express/node_modules/connect/lib/node_modules/bytes.js", 0xbf9e7234) = -1 ENOENT (No such file or directory)
futex(0xb720046c, FUTEX_WAKE_PRIVATE, 1) = 1
stat64("/home/merc/Synced/Development/Bookings/libs/server/node_modules/express/node_modules/connect/lib/node_modules/bytes.json", 0xbf9e7234) = -1 ENOENT (No such file or directory)
stat64("/home/merc/Synced/Development/Bookings/libs/server/node_modules/express/node_modules/connect/lib/node_modules/bytes.node", 0xbf9e7234) = -1 ENOENT (No such file or directory)
open("/home/merc/Synced/Development/Bookings/libs/server/node_modules/express/node_modules/connect/lib/node_modules/bytes/package.json", O_RDONLY|O_LARGEFILE) = -1 ENOENT (No such file or directory)
stat64("/home/merc/Synced/Development/Bookings/libs/server/node_modules/express/node_modules/connect/lib/node_modules/bytes/index.js", 0xbf9e7234) = -1 ENOENT (No such file or directory)
stat64("/home/merc/Synced/Development/Bookings/libs/server/node_modules/express/node_modules/connect/lib/node_modules/bytes/index.json", 0xbf9e7234) = -1 ENOENT (No such file or directory)
stat64("/home/merc/Synced/Development/Bookings/libs/server/node_modules/express/node_modules/connect/lib/node_modules/bytes/index.node", 0xbf9e7234) = -1 ENOENT (No such file or directory)
futex(0xb720046c, FUTEX_WAKE_PRIVATE, 1) = 0
stat64("/home/merc/Synced/Development/Bookings/libs/server/node_modules/express/node_modules/connect/node_modules/bytes", {st_mode=S_IFDIR|0775, st_size=4096, ...}) = 0
gettimeofday({1352601833, 461288}, NULL) = 0
gettimeofday({1352601833, 461377}, NULL) = 0
gettimeofday({1352601833, 461463}, NULL) = 0
stat64("/home/merc/Synced/Development/Bookings/libs/server/node_modules/express/node_modules/connect/node_modules/bytes.js", 0xbf9e7234) = -1 ENOENT (No such file or directory)
stat64("/home/merc/Synced/Development/Bookings/libs/server/node_modules/express/node_modules/connect/node_modules/bytes.json", 0xbf9e7234) = -1 ENOENT (No such file or directory)
stat64("/home/merc/Synced/Development/Bookings/libs/server/node_modules/express/node_modules/connect/node_modules/bytes.node", 0xbf9e7234) = -1 ENOENT (No such file or directory)
open("/home/merc/Synced/Development/Bookings/libs/server/node_modules/express/node_modules/connect/node_modules/bytes/package.json", O_RDONLY|O_LARGEFILE) = 7
fcntl64(7, F_SETFD, FD_CLOEXEC)         = 0
fstat64(7, {st_mode=S_IFREG|0666, st_size=1908, ...}) = 0
gettimeofday({1352601833, 462937}, NULL) = 0
gettimeofday({1352601833, 463022}, NULL) = 0
gettimeofday({1352601833, 463107}, NULL) = 0
pread64(7, "{\n  \"name\": \"bytes\",\n  \"author\":"..., 1908, 0) = 1908
close(7)                                = 0
stat64("/home/merc/Synced/Development/Bookings/libs/server/node_modules/express/node_modules/connect/node_modules/bytes/index.js", {st_mode=S_IFREG|0666, st_size=795, ...}) = 0
gettimeofday({1352601833, 463984}, NULL) = 0
gettimeofday({1352601833, 464070}, NULL) = 0
gettimeofday({1352601833, 464151}, NULL) = 0
lstat64("/home/merc/Synced/Development/Bookings/libs/server/node_modules/express/node_modules/connect/node_modules/bytes", {st_mode=S_IFDIR|0775, st_size=4096, ...}) = 0
futex(0xb720046c, FUTEX_WAKE_PRIVATE, 1) = 0
gettimeofday({1352601833, 464787}, NULL) = 0
gettimeofday({1352601833, 464872}, NULL) = 0
gettimeofday({1352601833, 464953}, NULL) = 0
lstat64("/home/merc/Synced/Development/Bookings/libs/server/node_modules/express/node_modules/connect/node_modules/bytes/index.js", {st_mode=S_IFREG|0666, st_size=795, ...}) = 0
gettimeofday({1352601833, 465410}, NULL) = 0
gettimeofday({1352601833, 465510}, NULL) = 0
gettimeofday({1352601833, 465594}, NULL) = 0
open("/home/merc/Synced/Development/Bookings/libs/server/node_modules/express/node_modules/connect/node_modules/bytes/index.js", O_RDONLY|O_LARGEFILE) = 7
fcntl64(7, F_SETFD, FD_CLOEXEC)         = 0
fstat64(7, {st_mode=S_IFREG|0666, st_size=795, ...}) = 0
gettimeofday({1352601833, 466507}, NULL) = 0
gettimeofday({1352601833, 466594}, NULL) = 0
gettimeofday({1352601833, 466693}, NULL) = 0
pread64(7, "\n/**\n * Parse byte `size` string"..., 795, 0) = 795
close(7)                                = 0
futex(0xb720046c, FUTEX_WAKE_PRIVATE, 1) = 1
stat64("/home/merc/Synced/Development/Bookings/libs/server/node_modules/express/node_modules/connect/lib/node_modules/debug", 0xbf9e73d4) = -1 ENOENT (No such file or directory)
stat64("/home/merc/Synced/Development/Bookings/libs/server/node_modules/express/node_modules/connect/lib/node_modules/debug.js", 0xbf9e73a4) = -1 ENOENT (No such file or directory)
stat64("/home/merc/Synced/Development/Bookings/libs/server/node_modules/express/node_modules/connect/lib/node_modules/debug.json", 0xbf9e73a4) = -1 ENOENT (No such file or directory)
stat64("/home/merc/Synced/Development/Bookings/libs/server/node_modules/express/node_modules/connect/lib/node_modules/debug.node", 0xbf9e73a4) = -1 ENOENT (No such file or directory)
open("/home/merc/Synced/Development/Bookings/libs/server/node_modules/express/node_modules/connect/lib/node_modules/debug/package.json", O_RDONLY|O_LARGEFILE) = -1 ENOENT (No such file or directory)
stat64("/home/merc/Synced/Development/Bookings/libs/server/node_modules/express/node_modules/connect/lib/node_modules/debug/index.js", 0xbf9e73a4) = -1 ENOENT (No such file or directory)
stat64("/home/merc/Synced/Development/Bookings/libs/server/node_modules/express/node_modules/connect/lib/node_modules/debug/index.json", 0xbf9e73a4) = -1 ENOENT (No such file or directory)
stat64("/home/merc/Synced/Development/Bookings/libs/server/node_modules/express/node_modules/connect/lib/node_modules/debug/index.node", 0xbf9e73a4) = -1 ENOENT (No such file or directory)
stat64("/home/merc/Synced/Development/Bookings/libs/server/node_modules/express/node_modules/connect/node_modules/debug", 0xbf9e73d4) = -1 ENOENT (No such file or directory)
stat64("/home/merc/Synced/Development/Bookings/libs/server/node_modules/express/node_modules/connect/node_modules/debug.js", 0xbf9e73a4) = -1 ENOENT (No such file or directory)
stat64("/home/merc/Synced/Development/Bookings/libs/server/node_modules/express/node_modules/connect/node_modules/debug.json", 0xbf9e73a4) = -1 ENOENT (No such file or directory)
stat64("/home/merc/Synced/Development/Bookings/libs/server/node_modules/express/node_modules/connect/node_modules/debug.node", 0xbf9e73a4) = -1 ENOENT (No such file or directory)
open("/home/merc/Synced/Development/Bookings/libs/server/node_modules/express/node_modules/connect/node_modules/debug/package.json", O_RDONLY|O_LARGEFILE) = -1 ENOENT (No such file or directory)
stat64("/home/merc/Synced/Development/Bookings/libs/server/node_modules/express/node_modules/connect/node_modules/debug/index.js", 0xbf9e73a4) = -1 ENOENT (No such file or directory)
stat64("/home/merc/Synced/Development/Bookings/libs/server/node_modules/express/node_modules/connect/node_modules/debug/index.json", 0xbf9e73a4) = -1 ENOENT (No such file or directory)
stat64("/home/merc/Synced/Development/Bookings/libs/server/node_modules/express/node_modules/connect/node_modules/debug/index.node", 0xbf9e73a4) = -1 ENOENT (No such file or directory)
stat64("/home/merc/Synced/Development/Bookings/libs/server/node_modules/express/node_modules/debug", {st_mode=S_IFDIR|0775, st_size=4096, ...}) = 0
gettimeofday({1352601833, 474410}, NULL) = 0
gettimeofday({1352601833, 474505}, NULL) = 0
gettimeofday({1352601833, 474616}, NULL) = 0
stat64("/home/merc/Synced/Development/Bookings/libs/server/node_modules/express/node_modules/debug.js", 0xbf9e73a4) = -1 ENOENT (No such file or directory)
stat64("/home/merc/Synced/Development/Bookings/libs/server/node_modules/express/node_modules/debug.json", 0xbf9e73a4) = -1 ENOENT (No such file or directory)
stat64("/home/merc/Synced/Development/Bookings/libs/server/node_modules/express/node_modules/debug.node", 0xbf9e73a4) = -1 ENOENT (No such file or directory)
open("/home/merc/Synced/Development/Bookings/libs/server/node_modules/express/node_modules/debug/package.json", O_RDONLY|O_LARGEFILE) = 7
fcntl64(7, F_SETFD, FD_CLOEXEC)         = 0
fstat64(7, {st_mode=S_IFREG|0666, st_size=5557, ...}) = 0
gettimeofday({1352601833, 476145}, NULL) = 0
gettimeofday({1352601833, 476243}, NULL) = 0
gettimeofday({1352601833, 476334}, NULL) = 0
pread64(7, "{\n  \"name\": \"debug\",\n  \"version\""..., 5557, 0) = 5557
close(7)                                = 0
stat64("/home/merc/Synced/Development/Bookings/libs/server/node_modules/express/node_modules/debug/index", 0xbf9e73b4) = -1 ENOENT (No such file or directory)
stat64("/home/merc/Synced/Development/Bookings/libs/server/node_modules/express/node_modules/debug/index.js", {st_mode=S_IFREG|0666, st_size=41, ...}) = 0
gettimeofday({1352601833, 477684}, NULL) = 0
gettimeofday({1352601833, 477767}, NULL) = 0
gettimeofday({1352601833, 477857}, NULL) = 0
lstat64("/home/merc/Synced/Development/Bookings/libs/server/node_modules/express/node_modules/debug", {st_mode=S_IFDIR|0775, st_size=4096, ...}) = 0
gettimeofday({1352601833, 478383}, NULL) = 0
gettimeofday({1352601833, 478485}, NULL) = 0
gettimeofday({1352601833, 478566}, NULL) = 0
lstat64("/home/merc/Synced/Development/Bookings/libs/server/node_modules/express/node_modules/debug/index.js", {st_mode=S_IFREG|0666, st_size=41, ...}) = 0
gettimeofday({1352601833, 478986}, NULL) = 0
gettimeofday({1352601833, 479075}, NULL) = 0
gettimeofday({1352601833, 479157}, NULL) = 0
open("/home/merc/Synced/Development/Bookings/libs/server/node_modules/express/node_modules/debug/index.js", O_RDONLY|O_LARGEFILE) = 7
fcntl64(7, F_SETFD, FD_CLOEXEC)         = 0
fstat64(7, {st_mode=S_IFREG|0666, st_size=41, ...}) = 0
gettimeofday({1352601833, 479990}, NULL) = 0
gettimeofday({1352601833, 480078}, NULL) = 0
gettimeofday({1352601833, 480160}, NULL) = 0
pread64(7, "\nmodule.exports = require('./lib"..., 41, 0) = 41
close(7)                                = 0
futex(0xb720046c, FUTEX_WAKE_PRIVATE, 1) = 1
gettimeofday({1352601833, 481161}, NULL) = 0
gettimeofday({1352601833, 481474}, NULL) = 0
stat64("/home/merc/Synced/Development/Bookings/libs/server/node_modules/express/node_modules/debug/lib/debug", 0xbf9e7274) = -1 ENOENT (No such file or directory)
stat64("/home/merc/Synced/Development/Bookings/libs/server/node_modules/express/node_modules/debug/lib/debug.js", {st_mode=S_IFREG|0666, st_size=2174, ...}) = 0
gettimeofday({1352601833, 482194}, NULL) = 0
gettimeofday({1352601833, 482283}, NULL) = 0
gettimeofday({1352601833, 482364}, NULL) = 0
lstat64("/home/merc/Synced/Development/Bookings/libs/server/node_modules/express/node_modules/debug/lib", {st_mode=S_IFDIR|0777, st_size=4096, ...}) = 0
gettimeofday({1352601833, 482886}, NULL) = 0
gettimeofday({1352601833, 482966}, NULL) = 0
gettimeofday({1352601833, 483046}, NULL) = 0
lstat64("/home/merc/Synced/Development/Bookings/libs/server/node_modules/express/node_modules/debug/lib/debug.js", {st_mode=S_IFREG|0666, st_size=2174, ...}) = 0
gettimeofday({1352601833, 483419}, NULL) = 0
gettimeofday({1352601833, 483516}, NULL) = 0
gettimeofday({1352601833, 483605}, NULL) = 0
open("/home/merc/Synced/Development/Bookings/libs/server/node_modules/express/node_modules/debug/lib/debug.js", O_RDONLY|O_LARGEFILE) = 7
fcntl64(7, F_SETFD, FD_CLOEXEC)         = 0
fstat64(7, {st_mode=S_IFREG|0666, st_size=2174, ...}) = 0
gettimeofday({1352601833, 484583}, NULL) = 0
gettimeofday({1352601833, 484705}, NULL) = 0
gettimeofday({1352601833, 484845}, NULL) = 0
pread64(7, "\n/**\n * Module dependencies.\n */"..., 2174, 0) = 2174
close(7)                                = 0
futex(0xb720046c, FUTEX_WAKE_PRIVATE, 1) = 1
futex(0xb720046c, FUTEX_WAKE_PRIVATE, 1) = 1
gettimeofday({1352601833, 490142}, NULL) = 0
gettimeofday({1352601833, 490552}, NULL) = 0
futex(0xb720046c, FUTEX_WAKE_PRIVATE, 1) = 1
ioctl(2, SNDCTL_TMR_TIMEBASE or TCGETS, 0xbf9e7108) = -1 ENOTTY (Inappropriate ioctl for device)
fstat64(2, {st_mode=S_IFREG|0664, st_size=53486, ...}) = 0
futex(0xb720046c, FUTEX_WAKE_PRIVATE, 1) = 1
stat64("/home/merc/Synced/Development/Bookings/libs/server/node_modules/express/node_modules/connect/lib/patch", 0xbf9e7544) = -1 ENOENT (No such file or directory)
stat64("/home/merc/Synced/Development/Bookings/libs/server/node_modules/express/node_modules/connect/lib/patch.js", {st_mode=S_IFREG|0666, st_size=1597, ...}) = 0
gettimeofday({1352601833, 493360}, NULL) = 0
gettimeofday({1352601833, 493455}, NULL) = 0
gettimeofday({1352601833, 493534}, NULL) = 0
lstat64("/home/merc/Synced/Development/Bookings/libs/server/node_modules/express/node_modules/connect/lib/patch.js", {st_mode=S_IFREG|0666, st_size=1597, ...}) = 0
gettimeofday({1352601833, 494158}, NULL) = 0
gettimeofday({1352601833, 494247}, NULL) = 0
gettimeofday({1352601833, 494338}, NULL) = 0
open("/home/merc/Synced/Development/Bookings/libs/server/node_modules/express/node_modules/connect/lib/patch.js", O_RDONLY|O_LARGEFILE) = 7
fcntl64(7, F_SETFD, FD_CLOEXEC)         = 0
fstat64(7, {st_mode=S_IFREG|0666, st_size=1597, ...}) = 0
gettimeofday({1352601833, 495124}, NULL) = 0
gettimeofday({1352601833, 495236}, NULL) = 0
gettimeofday({1352601833, 495329}, NULL) = 0
pread64(7, "\n/*!\n * Connect\n * Copyright(c) "..., 1597, 0) = 1597
close(7)                                = 0
futex(0xb720046c, FUTEX_WAKE_PRIVATE, 1) = 1
gettimeofday({1352601833, 497392}, NULL) = 0
gettimeofday({1352601833, 497717}, NULL) = 0
stat64("/home/merc/Synced/Development/Bookings/libs/server/node_modules/express/node_modules/connect/lib/middleware/static", 0xbf9e7534) = -1 ENOENT (No such file or directory)
stat64("/home/merc/Synced/Development/Bookings/libs/server/node_modules/express/node_modules/connect/lib/middleware/static.js", {st_mode=S_IFREG|0666, st_size=2119, ...}) = 0
gettimeofday({1352601833, 498520}, NULL) = 0
gettimeofday({1352601833, 498614}, NULL) = 0
gettimeofday({1352601833, 498719}, NULL) = 0
lstat64("/home/merc/Synced/Development/Bookings/libs/server/node_modules/express/node_modules/connect/lib/middleware", {st_mode=S_IFDIR|0777, st_size=4096, ...}) = 0
gettimeofday({1352601833, 499401}, NULL) = 0
gettimeofday({1352601833, 499545}, NULL) = 0
gettimeofday({1352601833, 499663}, NULL) = 0
lstat64("/home/merc/Synced/Development/Bookings/libs/server/node_modules/express/node_modules/connect/lib/middleware/static.js", {st_mode=S_IFREG|0666, st_size=2119, ...}) = 0
gettimeofday({1352601833, 500204}, NULL) = 0
gettimeofday({1352601833, 500297}, NULL) = 0
gettimeofday({1352601833, 500388}, NULL) = 0
open("/home/merc/Synced/Development/Bookings/libs/server/node_modules/express/node_modules/connect/lib/middleware/static.js", O_RDONLY|O_LARGEFILE) = 7
fcntl64(7, F_SETFD, FD_CLOEXEC)         = 0
fstat64(7, {st_mode=S_IFREG|0666, st_size=2119, ...}) = 0
gettimeofday({1352601833, 501286}, NULL) = 0
gettimeofday({1352601833, 501373}, NULL) = 0
gettimeofday({1352601833, 501457}, NULL) = 0
pread64(7, "\n/*!\n * Connect - static\n * Copy"..., 2119, 0) = 2119
close(7)                                = 0
futex(0xb720046c, FUTEX_WAKE_PRIVATE, 1) = 1
stat64("/home/merc/Synced/Development/Bookings/libs/server/node_modules/express/node_modules/connect/lib/middleware/node_modules/send", 0xbf9e73d4) = -1 ENOENT (No such file or directory)
stat64("/home/merc/Synced/Development/Bookings/libs/server/node_modules/express/node_modules/connect/lib/middleware/node_modules/send.js", 0xbf9e73a4) = -1 ENOENT (No such file or directory)
stat64("/home/merc/Synced/Development/Bookings/libs/server/node_modules/express/node_modules/connect/lib/middleware/node_modules/send.json", 0xbf9e73a4) = -1 ENOENT (No such file or directory)
stat64("/home/merc/Synced/Development/Bookings/libs/server/node_modules/express/node_modules/connect/lib/middleware/node_modules/send.node", 0xbf9e73a4) = -1 ENOENT (No such file or directory)
open("/home/merc/Synced/Development/Bookings/libs/server/node_modules/express/node_modules/connect/lib/middleware/node_modules/send/package.json", O_RDONLY|O_LARGEFILE) = -1 ENOENT (No such file or directory)
futex(0xb720046c, FUTEX_WAKE_PRIVATE, 1) = 1
stat64("/home/merc/Synced/Development/Bookings/libs/server/node_modules/express/node_modules/connect/lib/middleware/node_modules/send/index.js", 0xbf9e73a4) = -1 ENOENT (No such file or directory)
stat64("/home/merc/Synced/Development/Bookings/libs/server/node_modules/express/node_modules/connect/lib/middleware/node_modules/send/index.json", 0xbf9e73a4) = -1 ENOENT (No such file or directory)
stat64("/home/merc/Synced/Development/Bookings/libs/server/node_modules/express/node_modules/connect/lib/middleware/node_modules/send/index.node", 0xbf9e73a4) = -1 ENOENT (No such file or directory)
stat64("/home/merc/Synced/Development/Bookings/libs/server/node_modules/express/node_modules/connect/lib/node_modules/send", 0xbf9e73d4) = -1 ENOENT (No such file or directory)
stat64("/home/merc/Synced/Development/Bookings/libs/server/node_modules/express/node_modules/connect/lib/node_modules/send.js", 0xbf9e73a4) = -1 ENOENT (No such file or directory)
stat64("/home/merc/Synced/Development/Bookings/libs/server/node_modules/express/node_modules/connect/lib/node_modules/send.json", 0xbf9e73a4) = -1 ENOENT (No such file or directory)
futex(0xb720046c, FUTEX_WAKE_PRIVATE, 1) = 0
stat64("/home/merc/Synced/Development/Bookings/libs/server/node_modules/express/node_modules/connect/lib/node_modules/send.node", 0xbf9e73a4) = -1 ENOENT (No such file or directory)
open("/home/merc/Synced/Development/Bookings/libs/server/node_modules/express/node_modules/connect/lib/node_modules/send/package.json", O_RDONLY|O_LARGEFILE) = -1 ENOENT (No such file or directory)
gettimeofday({1352601833, 507990}, NULL) = 0
gettimeofday({1352601833, 508300}, NULL) = 0
futex(0xb720046c, FUTEX_WAKE_PRIVATE, 1) = 1
stat64("/home/merc/Synced/Development/Bookings/libs/server/node_modules/express/node_modules/connect/lib/node_modules/send/index.js", 0xbf9e73a4) = -1 ENOENT (No such file or directory)
stat64("/home/merc/Synced/Development/Bookings/libs/server/node_modules/express/node_modules/connect/lib/node_modules/send/index.json", 0xbf9e73a4) = -1 ENOENT (No such file or directory)
stat64("/home/merc/Synced/Development/Bookings/libs/server/node_modules/express/node_modules/connect/lib/node_modules/send/index.node", 0xbf9e73a4) = -1 ENOENT (No such file or directory)
futex(0xb720046c, FUTEX_WAKE_PRIVATE, 1) = 0
stat64("/home/merc/Synced/Development/Bookings/libs/server/node_modules/express/node_modules/connect/node_modules/send", 0xbf9e73d4) = -1 ENOENT (No such file or directory)
stat64("/home/merc/Synced/Development/Bookings/libs/server/node_modules/express/node_modules/connect/node_modules/send.js", 0xbf9e73a4) = -1 ENOENT (No such file or directory)
stat64("/home/merc/Synced/Development/Bookings/libs/server/node_modules/express/node_modules/connect/node_modules/send.json", 0xbf9e73a4) = -1 ENOENT (No such file or directory)
futex(0xb720046c, FUTEX_WAKE_PRIVATE, 1) = 0
stat64("/home/merc/Synced/Development/Bookings/libs/server/node_modules/express/node_modules/connect/node_modules/send.node", 0xbf9e73a4) = -1 ENOENT (No such file or directory)
open("/home/merc/Synced/Development/Bookings/libs/server/node_modules/express/node_modules/connect/node_modules/send/package.json", O_RDONLY|O_LARGEFILE) = -1 ENOENT (No such file or directory)
stat64("/home/merc/Synced/Development/Bookings/libs/server/node_modules/express/node_modules/connect/node_modules/send/index.js", 0xbf9e73a4) = -1 ENOENT (No such file or directory)
stat64("/home/merc/Synced/Development/Bookings/libs/server/node_modules/express/node_modules/connect/node_modules/send/index.json", 0xbf9e73a4) = -1 ENOENT (No such file or directory)
stat64("/home/merc/Synced/Development/Bookings/libs/server/node_modules/express/node_modules/connect/node_modules/send/index.node", 0xbf9e73a4) = -1 ENOENT (No such file or directory)
stat64("/home/merc/Synced/Development/Bookings/libs/server/node_modules/express/node_modules/send", 0xbf9e73d4) = -1 ENOENT (No such file or directory)
futex(0xb720046c, FUTEX_WAKE_PRIVATE, 1) = 1
stat64("/home/merc/Synced/Development/Bookings/libs/server/node_modules/express/node_modules/send.js", 0xbf9e73a4) = -1 ENOENT (No such file or directory)
stat64("/home/merc/Synced/Development/Bookings/libs/server/node_modules/express/node_modules/send.json", 0xbf9e73a4) = -1 ENOENT (No such file or directory)
stat64("/home/merc/Synced/Development/Bookings/libs/server/node_modules/express/node_modules/send.node", 0xbf9e73a4) = -1 ENOENT (No such file or directory)
open("/home/merc/Synced/Development/Bookings/libs/server/node_modules/express/node_modules/send/package.json", O_RDONLY|O_LARGEFILE) = -1 ENOENT (No such file or directory)
stat64("/home/merc/Synced/Development/Bookings/libs/server/node_modules/express/node_modules/send/index.js", 0xbf9e73a4) = -1 ENOENT (No such file or directory)
stat64("/home/merc/Synced/Development/Bookings/libs/server/node_modules/express/node_modules/send/index.json", 0xbf9e73a4) = -1 ENOENT (No such file or directory)
stat64("/home/merc/Synced/Development/Bookings/libs/server/node_modules/express/node_modules/send/index.node", 0xbf9e73a4) = -1 ENOENT (No such file or directory)
stat64("/home/merc/Synced/Development/Bookings/libs/server/node_modules/send", {st_mode=S_IFDIR|0775, st_size=4096, ...}) = 0
gettimeofday({1352601833, 514761}, NULL) = 0
gettimeofday({1352601833, 514858}, NULL) = 0
gettimeofday({1352601833, 514950}, NULL) = 0
stat64("/home/merc/Synced/Development/Bookings/libs/server/node_modules/send.js", 0xbf9e73a4) = -1 ENOENT (No such file or directory)
stat64("/home/merc/Synced/Development/Bookings/libs/server/node_modules/send.json", 0xbf9e73a4) = -1 ENOENT (No such file or directory)
stat64("/home/merc/Synced/Development/Bookings/libs/server/node_modules/send.node", 0xbf9e73a4) = -1 ENOENT (No such file or directory)
open("/home/merc/Synced/Development/Bookings/libs/server/node_modules/send/package.json", O_RDONLY|O_LARGEFILE) = 7
fcntl64(7, F_SETFD, FD_CLOEXEC)         = 0
fstat64(7, {st_mode=S_IFREG|0666, st_size=4258, ...}) = 0
gettimeofday({1352601833, 516496}, NULL) = 0
gettimeofday({1352601833, 516655}, NULL) = 0
gettimeofday({1352601833, 516784}, NULL) = 0
pread64(7, "{\n  \"name\": \"send\",\n  \"version\":"..., 4258, 0) = 4258
close(7)                                = 0
stat64("/home/merc/Synced/Development/Bookings/libs/server/node_modules/send/index", 0xbf9e73b4) = -1 ENOENT (No such file or directory)
stat64("/home/merc/Synced/Development/Bookings/libs/server/node_modules/send/index.js", {st_mode=S_IFREG|0666, st_size=40, ...}) = 0
gettimeofday({1352601833, 518024}, NULL) = 0
gettimeofday({1352601833, 518117}, NULL) = 0
gettimeofday({1352601833, 518253}, NULL) = 0
gettimeofday({1352601833, 518449}, NULL) = 0
gettimeofday({1352601833, 518736}, NULL) = 0
lstat64("/home/merc/Synced/Development/Bookings/libs/server/node_modules/send", {st_mode=S_IFDIR|0775, st_size=4096, ...}) = 0
gettimeofday({1352601833, 519217}, NULL) = 0
gettimeofday({1352601833, 519299}, NULL) = 0
gettimeofday({1352601833, 519378}, NULL) = 0
lstat64("/home/merc/Synced/Development/Bookings/libs/server/node_modules/send/index.js", {st_mode=S_IFREG|0666, st_size=40, ...}) = 0
gettimeofday({1352601833, 519816}, NULL) = 0
gettimeofday({1352601833, 519918}, NULL) = 0
gettimeofday({1352601833, 520017}, NULL) = 0
open("/home/merc/Synced/Development/Bookings/libs/server/node_modules/send/index.js", O_RDONLY|O_LARGEFILE) = 7
fcntl64(7, F_SETFD, FD_CLOEXEC)         = 0
fstat64(7, {st_mode=S_IFREG|0666, st_size=40, ...}) = 0
gettimeofday({1352601833, 520777}, NULL) = 0
gettimeofday({1352601833, 520862}, NULL) = 0
gettimeofday({1352601833, 520943}, NULL) = 0
pread64(7, "\nmodule.exports = require('./lib"..., 40, 0) = 40
close(7)                                = 0
stat64("/home/merc/Synced/Development/Bookings/libs/server/node_modules/send/lib/send", 0xbf9e7274) = -1 ENOENT (No such file or directory)
stat64("/home/merc/Synced/Development/Bookings/libs/server/node_modules/send/lib/send.js", {st_mode=S_IFREG|0666, st_size=9336, ...}) = 0
gettimeofday({1352601833, 522424}, NULL) = 0
gettimeofday({1352601833, 522505}, NULL) = 0
gettimeofday({1352601833, 522585}, NULL) = 0
lstat64("/home/merc/Synced/Development/Bookings/libs/server/node_modules/send/lib", {st_mode=S_IFDIR|0777, st_size=4096, ...}) = 0
gettimeofday({1352601833, 523175}, NULL) = 0
gettimeofday({1352601833, 523334}, NULL) = 0
gettimeofday({1352601833, 523446}, NULL) = 0
lstat64("/home/merc/Synced/Development/Bookings/libs/server/node_modules/send/lib/send.js", {st_mode=S_IFREG|0666, st_size=9336, ...}) = 0
gettimeofday({1352601833, 523936}, NULL) = 0
gettimeofday({1352601833, 524026}, NULL) = 0
gettimeofday({1352601833, 524128}, NULL) = 0
open("/home/merc/Synced/Development/Bookings/libs/server/node_modules/send/lib/send.js", O_RDONLY|O_LARGEFILE) = 7
fcntl64(7, F_SETFD, FD_CLOEXEC)         = 0
fstat64(7, {st_mode=S_IFREG|0666, st_size=9336, ...}) = 0
gettimeofday({1352601833, 524972}, NULL) = 0
gettimeofday({1352601833, 525091}, NULL) = 0
gettimeofday({1352601833, 525183}, NULL) = 0
pread64(7, "\n/**\n * Module dependencies.\n */"..., 9336, 0) = 9336
close(7)                                = 0
futex(0xb720046c, FUTEX_WAKE_PRIVATE, 1) = 1
futex(0xb720046c, FUTEX_WAKE_PRIVATE, 1) = 1
stat64("/home/merc/Synced/Development/Bookings/libs/server/node_modules/send/lib/node_modules/debug", 0xbf9e7104) = -1 ENOENT (No such file or directory)
stat64("/home/merc/Synced/Development/Bookings/libs/server/node_modules/send/lib/node_modules/debug.js", 0xbf9e70d4) = -1 ENOENT (No such file or directory)
futex(0xb720046c, FUTEX_WAKE_PRIVATE, 1) = 1
stat64("/home/merc/Synced/Development/Bookings/libs/server/node_modules/send/lib/node_modules/debug.json", 0xbf9e70d4) = -1 ENOENT (No such file or directory)
stat64("/home/merc/Synced/Development/Bookings/libs/server/node_modules/send/lib/node_modules/debug.node", 0xbf9e70d4) = -1 ENOENT (No such file or directory)
open("/home/merc/Synced/Development/Bookings/libs/server/node_modules/send/lib/node_modules/debug/package.json", O_RDONLY|O_LARGEFILE) = -1 ENOENT (No such file or directory)
stat64("/home/merc/Synced/Development/Bookings/libs/server/node_modules/send/lib/node_modules/debug/index.js", 0xbf9e70d4) = -1 ENOENT (No such file or directory)
stat64("/home/merc/Synced/Development/Bookings/libs/server/node_modules/send/lib/node_modules/debug/index.json", 0xbf9e70d4) = -1 ENOENT (No such file or directory)
stat64("/home/merc/Synced/Development/Bookings/libs/server/node_modules/send/lib/node_modules/debug/index.node", 0xbf9e70d4) = -1 ENOENT (No such file or directory)
stat64("/home/merc/Synced/Development/Bookings/libs/server/node_modules/send/node_modules/debug", {st_mode=S_IFDIR|0775, st_size=4096, ...}) = 0
gettimeofday({1352601833, 534654}, NULL) = 0
gettimeofday({1352601833, 534745}, NULL) = 0
gettimeofday({1352601833, 534832}, NULL) = 0
stat64("/home/merc/Synced/Development/Bookings/libs/server/node_modules/send/node_modules/debug.js", 0xbf9e70d4) = -1 ENOENT (No such file or directory)
stat64("/home/merc/Synced/Development/Bookings/libs/server/node_modules/send/node_modules/debug.json", 0xbf9e70d4) = -1 ENOENT (No such file or directory)
stat64("/home/merc/Synced/Development/Bookings/libs/server/node_modules/send/node_modules/debug.node", 0xbf9e70d4) = -1 ENOENT (No such file or directory)
gettimeofday({1352601833, 535908}, NULL) = 0
gettimeofday({1352601833, 536225}, NULL) = 0
futex(0xb720046c, FUTEX_WAKE_PRIVATE, 1) = 1
open("/home/merc/Synced/Development/Bookings/libs/server/node_modules/send/node_modules/debug/package.json", O_RDONLY|O_LARGEFILE) = 7
fcntl64(7, F_SETFD, FD_CLOEXEC)         = 0
fstat64(7, {st_mode=S_IFREG|0666, st_size=5540, ...}) = 0
gettimeofday({1352601833, 537100}, NULL) = 0
gettimeofday({1352601833, 537187}, NULL) = 0
gettimeofday({1352601833, 537300}, NULL) = 0
pread64(7, "{\n  \"name\": \"debug\",\n  \"version\""..., 5540, 0) = 5540
close(7)                                = 0
stat64("/home/merc/Synced/Development/Bookings/libs/server/node_modules/send/node_modules/debug/index", 0xbf9e70d4) = -1 ENOENT (No such file or directory)
stat64("/home/merc/Synced/Development/Bookings/libs/server/node_modules/send/node_modules/debug/index.js", {st_mode=S_IFREG|0666, st_size=41, ...}) = 0
gettimeofday({1352601833, 538629}, NULL) = 0
gettimeofday({1352601833, 538723}, NULL) = 0
gettimeofday({1352601833, 538816}, NULL) = 0
lstat64("/home/merc/Synced/Development/Bookings/libs/server/node_modules/send/node_modules", {st_mode=S_IFDIR|0775, st_size=4096, ...}) = 0
gettimeofday({1352601833, 539378}, NULL) = 0
gettimeofday({1352601833, 539480}, NULL) = 0
gettimeofday({1352601833, 539564}, NULL) = 0
lstat64("/home/merc/Synced/Development/Bookings/libs/server/node_modules/send/node_modules/debug", {st_mode=S_IFDIR|0775, st_size=4096, ...}) = 0
gettimeofday({1352601833, 539992}, NULL) = 0
gettimeofday({1352601833, 540095}, NULL) = 0
gettimeofday({1352601833, 540203}, NULL) = 0
lstat64("/home/merc/Synced/Development/Bookings/libs/server/node_modules/send/node_modules/debug/index.js", {st_mode=S_IFREG|0666, st_size=41, ...}) = 0
gettimeofday({1352601833, 540592}, NULL) = 0
gettimeofday({1352601833, 540687}, NULL) = 0
gettimeofday({1352601833, 540768}, NULL) = 0
open("/home/merc/Synced/Development/Bookings/libs/server/node_modules/send/node_modules/debug/index.js", O_RDONLY|O_LARGEFILE) = 7
fcntl64(7, F_SETFD, FD_CLOEXEC)         = 0
fstat64(7, {st_mode=S_IFREG|0666, st_size=41, ...}) = 0
gettimeofday({1352601833, 541610}, NULL) = 0
gettimeofday({1352601833, 541692}, NULL) = 0
gettimeofday({1352601833, 541789}, NULL) = 0
pread64(7, "\nmodule.exports = require('./lib"..., 41, 0) = 41
close(7)                                = 0
stat64("/home/merc/Synced/Development/Bookings/libs/server/node_modules/send/node_modules/debug/lib/debug", 0xbf9e6f94) = -1 ENOENT (No such file or directory)
stat64("/home/merc/Synced/Development/Bookings/libs/server/node_modules/send/node_modules/debug/lib/debug.js", {st_mode=S_IFREG|0666, st_size=2174, ...}) = 0
gettimeofday({1352601833, 543456}, NULL) = 0
gettimeofday({1352601833, 543539}, NULL) = 0
gettimeofday({1352601833, 543625}, NULL) = 0
lstat64("/home/merc/Synced/Development/Bookings/libs/server/node_modules/send/node_modules/debug/lib", {st_mode=S_IFDIR|0777, st_size=4096, ...}) = 0
gettimeofday({1352601833, 544177}, NULL) = 0
gettimeofday({1352601833, 544272}, NULL) = 0
gettimeofday({1352601833, 544376}, NULL) = 0
lstat64("/home/merc/Synced/Development/Bookings/libs/server/node_modules/send/node_modules/debug/lib/debug.js", {st_mode=S_IFREG|0666, st_size=2174, ...}) = 0
gettimeofday({1352601833, 544778}, NULL) = 0
gettimeofday({1352601833, 544861}, NULL) = 0
gettimeofday({1352601833, 544941}, NULL) = 0
open("/home/merc/Synced/Development/Bookings/libs/server/node_modules/send/node_modules/debug/lib/debug.js", O_RDONLY|O_LARGEFILE) = 7
fcntl64(7, F_SETFD, FD_CLOEXEC)         = 0
fstat64(7, {st_mode=S_IFREG|0666, st_size=2174, ...}) = 0
gettimeofday({1352601833, 545757}, NULL) = 0
gettimeofday({1352601833, 545861}, NULL) = 0
gettimeofday({1352601833, 545944}, NULL) = 0
pread64(7, "\n/**\n * Module dependencies.\n */"..., 2174, 0) = 2174
close(7)                                = 0
futex(0xb720046c, FUTEX_WAKE_PRIVATE, 1) = 1
ioctl(2, SNDCTL_TMR_TIMEBASE or TCGETS, 0xbf9e6e28) = -1 ENOTTY (Inappropriate ioctl for device)
fstat64(2, {st_mode=S_IFREG|0664, st_size=73018, ...}) = 0
stat64("/home/merc/Synced/Development/Bookings/libs/server/node_modules/send/lib/node_modules/range-parser", 0xbf9e7104) = -1 ENOENT (No such file or directory)
futex(0xb720046c, FUTEX_WAKE_PRIVATE, 1) = 1
stat64("/home/merc/Synced/Development/Bookings/libs/server/node_modules/send/lib/node_modules/range-parser.js", 0xbf9e70d4) = -1 ENOENT (No such file or directory)
gettimeofday({1352601833, 549580}, NULL) = 0
gettimeofday({1352601833, 553128}, NULL) = 0
futex(0xb720046c, FUTEX_WAKE_PRIVATE, 1) = 1
stat64("/home/merc/Synced/Development/Bookings/libs/server/node_modules/send/lib/node_modules/range-parser.json", 0xbf9e7094) = -1 ENOENT (No such file or directory)
stat64("/home/merc/Synced/Development/Bookings/libs/server/node_modules/send/lib/node_modules/range-parser.node", 0xbf9e7094) = -1 ENOENT (No such file or directory)
open("/home/merc/Synced/Development/Bookings/libs/server/node_modules/send/lib/node_modules/range-parser/package.json", O_RDONLY|O_LARGEFILE) = -1 ENOENT (No such file or directory)
stat64("/home/merc/Synced/Development/Bookings/libs/server/node_modules/send/lib/node_modules/range-parser/index.js", 0xbf9e7094) = -1 ENOENT (No such file or directory)
stat64("/home/merc/Synced/Development/Bookings/libs/server/node_modules/send/lib/node_modules/range-parser/index.json", 0xbf9e7094) = -1 ENOENT (No such file or directory)
stat64("/home/merc/Synced/Development/Bookings/libs/server/node_modules/send/lib/node_modules/range-parser/index.node", 0xbf9e7094) = -1 ENOENT (No such file or directory)
stat64("/home/merc/Synced/Development/Bookings/libs/server/node_modules/send/node_modules/range-parser", {st_mode=S_IFDIR|0775, st_size=4096, ...}) = 0
gettimeofday({1352601833, 555667}, NULL) = 0
gettimeofday({1352601833, 555776}, NULL) = 0
gettimeofday({1352601833, 555861}, NULL) = 0
stat64("/home/merc/Synced/Development/Bookings/libs/server/node_modules/send/node_modules/range-parser.js", 0xbf9e7094) = -1 ENOENT (No such file or directory)
futex(0xb720046c, FUTEX_WAKE_PRIVATE, 1) = 0
stat64("/home/merc/Synced/Development/Bookings/libs/server/node_modules/send/node_modules/range-parser.json", 0xbf9e7094) = -1 ENOENT (No such file or directory)
stat64("/home/merc/Synced/Development/Bookings/libs/server/node_modules/send/node_modules/range-parser.node", 0xbf9e7094) = -1 ENOENT (No such file or directory)
open("/home/merc/Synced/Development/Bookings/libs/server/node_modules/send/node_modules/range-parser/package.json", O_RDONLY|O_LARGEFILE) = 7
fcntl64(7, F_SETFD, FD_CLOEXEC)         = 0
fstat64(7, {st_mode=S_IFREG|0666, st_size=1547, ...}) = 0
gettimeofday({1352601833, 557743}, NULL) = 0
gettimeofday({1352601833, 557868}, NULL) = 0
gettimeofday({1352601833, 557987}, NULL) = 0
pread64(7, "{\n  \"name\": \"range-parser\",\n  \"a"..., 1547, 0) = 1547
close(7)                                = 0
stat64("/home/merc/Synced/Development/Bookings/libs/server/node_modules/send/node_modules/range-parser/index.js", {st_mode=S_IFREG|0666, st_size=920, ...}) = 0
gettimeofday({1352601833, 558910}, NULL) = 0
gettimeofday({1352601833, 558995}, NULL) = 0
gettimeofday({1352601833, 559109}, NULL) = 0
lstat64("/home/merc/Synced/Development/Bookings/libs/server/node_modules/send/node_modules/range-parser", {st_mode=S_IFDIR|0775, st_size=4096, ...}) = 0
gettimeofday({1352601833, 559701}, NULL) = 0
gettimeofday({1352601833, 559804}, NULL) = 0
gettimeofday({1352601833, 559905}, NULL) = 0
lstat64("/home/merc/Synced/Development/Bookings/libs/server/node_modules/send/node_modules/range-parser/index.js", {st_mode=S_IFREG|0666, st_size=920, ...}) = 0
gettimeofday({1352601833, 560346}, NULL) = 0
gettimeofday({1352601833, 560439}, NULL) = 0
gettimeofday({1352601833, 560531}, NULL) = 0
open("/home/merc/Synced/Development/Bookings/libs/server/node_modules/send/node_modules/range-parser/index.js", O_RDONLY|O_LARGEFILE) = 7
fcntl64(7, F_SETFD, FD_CLOEXEC)         = 0
fstat64(7, {st_mode=S_IFREG|0666, st_size=920, ...}) = 0
gettimeofday({1352601833, 561354}, NULL) = 0
gettimeofday({1352601833, 561443}, NULL) = 0
gettimeofday({1352601833, 561535}, NULL) = 0
pread64(7, "\n/**\n * Parse \"Range\" header `st"..., 920, 0) = 920
close(7)                                = 0
stat64("/home/merc/Synced/Development/Bookings/libs/server/node_modules/send/lib/node_modules/mime", 0xbf9e70c4) = -1 ENOENT (No such file or directory)
stat64("/home/merc/Synced/Development/Bookings/libs/server/node_modules/send/lib/node_modules/mime.js", 0xbf9e7094) = -1 ENOENT (No such file or directory)
stat64("/home/merc/Synced/Development/Bookings/libs/server/node_modules/send/lib/node_modules/mime.json", 0xbf9e7094) = -1 ENOENT (No such file or directory)
stat64("/home/merc/Synced/Development/Bookings/libs/server/node_modules/send/lib/node_modules/mime.node", 0xbf9e7094) = -1 ENOENT (No such file or directory)
open("/home/merc/Synced/Development/Bookings/libs/server/node_modules/send/lib/node_modules/mime/package.json", O_RDONLY|O_LARGEFILE) = -1 ENOENT (No such file or directory)
stat64("/home/merc/Synced/Development/Bookings/libs/server/node_modules/send/lib/node_modules/mime/index.js", 0xbf9e7094) = -1 ENOENT (No such file or directory)
stat64("/home/merc/Synced/Development/Bookings/libs/server/node_modules/send/lib/node_modules/mime/index.json", 0xbf9e7094) = -1 ENOENT (No such file or directory)
stat64("/home/merc/Synced/Development/Bookings/libs/server/node_modules/send/lib/node_modules/mime/index.node", 0xbf9e7094) = -1 ENOENT (No such file or directory)
gettimeofday({1352601833, 565419}, NULL) = 0
gettimeofday({1352601833, 565707}, NULL) = 0
stat64("/home/merc/Synced/Development/Bookings/libs/server/node_modules/send/node_modules/mime", {st_mode=S_IFDIR|0775, st_size=4096, ...}) = 0
gettimeofday({1352601833, 566243}, NULL) = 0
gettimeofday({1352601833, 566384}, NULL) = 0
gettimeofday({1352601833, 566486}, NULL) = 0
stat64("/home/merc/Synced/Development/Bookings/libs/server/node_modules/send/node_modules/mime.js", 0xbf9e7094) = -1 ENOENT (No such file or directory)
stat64("/home/merc/Synced/Development/Bookings/libs/server/node_modules/send/node_modules/mime.json", 0xbf9e7094) = -1 ENOENT (No such file or directory)
stat64("/home/merc/Synced/Development/Bookings/libs/server/node_modules/send/node_modules/mime.node", 0xbf9e7094) = -1 ENOENT (No such file or directory)
open("/home/merc/Synced/Development/Bookings/libs/server/node_modules/send/node_modules/mime/package.json", O_RDONLY|O_LARGEFILE) = 7
fcntl64(7, F_SETFD, FD_CLOEXEC)         = 0
fstat64(7, {st_mode=S_IFREG|0666, st_size=2739, ...}) = 0
gettimeofday({1352601833, 567987}, NULL) = 0
gettimeofday({1352601833, 568091}, NULL) = 0
gettimeofday({1352601833, 568183}, NULL) = 0
pread64(7, "{\n  \"author\": {\n    \"name\": \"Rob"..., 2739, 0) = 2739
close(7)                                = 0
stat64("/home/merc/Synced/Development/Bookings/libs/server/node_modules/send/node_modules/mime/mime.js", {st_mode=S_IFREG|0666, st_size=2522, ...}) = 0
gettimeofday({1352601833, 569173}, NULL) = 0
gettimeofday({1352601833, 569287}, NULL) = 0
gettimeofday({1352601833, 569381}, NULL) = 0
lstat64("/home/merc/Synced/Development/Bookings/libs/server/node_modules/send/node_modules/mime", {st_mode=S_IFDIR|0775, st_size=4096, ...}) = 0
gettimeofday({1352601833, 569968}, NULL) = 0
gettimeofday({1352601833, 570059}, NULL) = 0
gettimeofday({1352601833, 570168}, NULL) = 0
lstat64("/home/merc/Synced/Development/Bookings/libs/server/node_modules/send/node_modules/mime/mime.js", {st_mode=S_IFREG|0666, st_size=2522, ...}) = 0
gettimeofday({1352601833, 570629}, NULL) = 0
gettimeofday({1352601833, 570740}, NULL) = 0
gettimeofday({1352601833, 570849}, NULL) = 0
open("/home/merc/Synced/Development/Bookings/libs/server/node_modules/send/node_modules/mime/mime.js", O_RDONLY|O_LARGEFILE) = 7
fcntl64(7, F_SETFD, FD_CLOEXEC)         = 0
fstat64(7, {st_mode=S_IFREG|0666, st_size=2522, ...}) = 0
gettimeofday({1352601833, 571640}, NULL) = 0
gettimeofday({1352601833, 571771}, NULL) = 0
gettimeofday({1352601833, 571853}, NULL) = 0
pread64(7, "var path = require('path');\nvar "..., 2522, 0) = 2522
close(7)                                = 0
futex(0xb720046c, FUTEX_WAKE_PRIVATE, 1) = 1
open("/home/merc/Synced/Development/Bookings/libs/server/node_modules/send/node_modules/mime/types/mime.types", O_RDONLY|O_LARGEFILE) = 7
fcntl64(7, F_SETFD, FD_CLOEXEC)         = 0
fstat64(7, {st_mode=S_IFREG|0666, st_size=50737, ...}) = 0
gettimeofday({1352601833, 574599}, NULL) = 0
gettimeofday({1352601833, 574690}, NULL) = 0
gettimeofday({1352601833, 574775}, NULL) = 0
pread64(7, "# This file maps Internet media "..., 50737, 0) = 50737
close(7)                                = 0
gettimeofday({1352601833, 579495}, NULL) = 0
gettimeofday({1352601833, 579745}, NULL) = 0
futex(0xb720046c, FUTEX_WAKE_PRIVATE, 1) = 1
gettimeofday({1352601833, 581223}, NULL) = 0
mmap2(NULL, 270336, PROT_READ|PROT_WRITE, MAP_PRIVATE|MAP_ANONYMOUS, -1, 0) = 0xb73b0000
gettimeofday({1352601833, 585229}, NULL) = 0
futex(0xb720046c, FUTEX_WAKE_PRIVATE, 1) = 1
munmap(0xb73b0000, 270336)              = 0
gettimeofday({1352601833, 586940}, NULL) = 0
gettimeofday({1352601833, 587539}, NULL) = 0
futex(0xb720046c, FUTEX_WAKE_PRIVATE, 1) = 1
gettimeofday({1352601833, 588934}, NULL) = 0
gettimeofday({1352601833, 590429}, NULL) = 0
futex(0xb720046c, FUTEX_WAKE_PRIVATE, 1) = 1
gettimeofday({1352601833, 594382}, NULL) = 0
gettimeofday({1352601833, 595048}, NULL) = 0
futex(0xb720046c, FUTEX_WAKE_PRIVATE, 1) = 1
open("/home/merc/Synced/Development/Bookings/libs/server/node_modules/send/node_modules/mime/types/node.types", O_RDONLY|O_LARGEFILE) = 7
fcntl64(7, F_SETFD, FD_CLOEXEC)         = 0
fstat64(7, {st_mode=S_IFREG|0666, st_size=2028, ...}) = 0
gettimeofday({1352601833, 603865}, NULL) = 0
gettimeofday({1352601833, 604011}, NULL) = 0
gettimeofday({1352601833, 604142}, NULL) = 0
pread64(7, "# What: Google Chrome Extension\n"..., 2028, 0) = 2028
close(7)                                = 0
stat64("/home/merc/Synced/Development/Bookings/libs/server/node_modules/send/lib/node_modules/fresh", 0xbf9e70c4) = -1 ENOENT (No such file or directory)
stat64("/home/merc/Synced/Development/Bookings/libs/server/node_modules/send/lib/node_modules/fresh.js", 0xbf9e7094) = -1 ENOENT (No such file or directory)
stat64("/home/merc/Synced/Development/Bookings/libs/server/node_modules/send/lib/node_modules/fresh.json", 0xbf9e7094) = -1 ENOENT (No such file or directory)
stat64("/home/merc/Synced/Development/Bookings/libs/server/node_modules/send/lib/node_modules/fresh.node", 0xbf9e7094) = -1 ENOENT (No such file or directory)
open("/home/merc/Synced/Development/Bookings/libs/server/node_modules/send/lib/node_modules/fresh/package.json", O_RDONLY|O_LARGEFILE) = -1 ENOENT (No such file or directory)
stat64("/home/merc/Synced/Development/Bookings/libs/server/node_modules/send/lib/node_modules/fresh/index.js", 0xbf9e7094) = -1 ENOENT (No such file or directory)
stat64("/home/merc/Synced/Development/Bookings/libs/server/node_modules/send/lib/node_modules/fresh/index.json", 0xbf9e7094) = -1 ENOENT (No such file or directory)
stat64("/home/merc/Synced/Development/Bookings/libs/server/node_modules/send/lib/node_modules/fresh/index.node", 0xbf9e7094) = -1 ENOENT (No such file or directory)
stat64("/home/merc/Synced/Development/Bookings/libs/server/node_modules/send/node_modules/fresh", {st_mode=S_IFDIR|0775, st_size=4096, ...}) = 0
gettimeofday({1352601833, 609280}, NULL) = 0
gettimeofday({1352601833, 609398}, NULL) = 0
gettimeofday({1352601833, 609513}, NULL) = 0
stat64("/home/merc/Synced/Development/Bookings/libs/server/node_modules/send/node_modules/fresh.js", 0xbf9e7094) = -1 ENOENT (No such file or directory)
stat64("/home/merc/Synced/Development/Bookings/libs/server/node_modules/send/node_modules/fresh.json", 0xbf9e7094) = -1 ENOENT (No such file or directory)
stat64("/home/merc/Synced/Development/Bookings/libs/server/node_modules/send/node_modules/fresh.node", 0xbf9e7094) = -1 ENOENT (No such file or directory)
open("/home/merc/Synced/Development/Bookings/libs/server/node_modules/send/node_modules/fresh/package.json", O_RDONLY|O_LARGEFILE) = 7
fcntl64(7, F_SETFD, FD_CLOEXEC)         = 0
fstat64(7, {st_mode=S_IFREG|0666, st_size=930, ...}) = 0
gettimeofday({1352601833, 611307}, NULL) = 0
gettimeofday({1352601833, 611467}, NULL) = 0
gettimeofday({1352601833, 611603}, NULL) = 0
pread64(7, "{\n  \"name\": \"fresh\",\n  \"author\":"..., 930, 0) = 930
close(7)                                = 0
stat64("/home/merc/Synced/Development/Bookings/libs/server/node_modules/send/node_modules/fresh/index.js", {st_mode=S_IFREG|0666, st_size=1084, ...}) = 0
gettimeofday({1352601833, 612508}, NULL) = 0
gettimeofday({1352601833, 612597}, NULL) = 0
gettimeofday({1352601833, 612758}, NULL) = 0
lstat64("/home/merc/Synced/Development/Bookings/libs/server/node_modules/send/node_modules/fresh", {st_mode=S_IFDIR|0775, st_size=4096, ...}) = 0
gettimeofday({1352601833, 613437}, NULL) = 0
gettimeofday({1352601833, 613588}, NULL) = 0
gettimeofday({1352601833, 613705}, NULL) = 0
lstat64("/home/merc/Synced/Development/Bookings/libs/server/node_modules/send/node_modules/fresh/index.js", {st_mode=S_IFREG|0666, st_size=1084, ...}) = 0
gettimeofday({1352601833, 614177}, NULL) = 0
gettimeofday({1352601833, 614283}, NULL) = 0
gettimeofday({1352601833, 614393}, NULL) = 0
open("/home/merc/Synced/Development/Bookings/libs/server/node_modules/send/node_modules/fresh/index.js", O_RDONLY|O_LARGEFILE) = 7
fcntl64(7, F_SETFD, FD_CLOEXEC)         = 0
fstat64(7, {st_mode=S_IFREG|0666, st_size=1084, ...}) = 0
gettimeofday({1352601833, 615884}, NULL) = 0
gettimeofday({1352601833, 616018}, NULL) = 0
gettimeofday({1352601833, 616136}, NULL) = 0
pread64(7, "\n/**\n * Expose `fresh()`.\n */\n\nm"..., 1084, 0) = 1084
close(7)                                = 0
futex(0xb720046c, FUTEX_WAKE_PRIVATE, 1) = 1
stat64("/home/merc/Synced/Development/Bookings/libs/server/node_modules/send/lib/utils", 0xbf9e70c4) = -1 ENOENT (No such file or directory)
stat64("/home/merc/Synced/Development/Bookings/libs/server/node_modules/send/lib/utils.js", {st_mode=S_IFREG|0666, st_size=799, ...}) = 0
gettimeofday({1352601833, 618698}, NULL) = 0
gettimeofday({1352601833, 618807}, NULL) = 0
gettimeofday({1352601833, 618917}, NULL) = 0
gettimeofday({1352601833, 619235}, NULL) = 0
gettimeofday({1352601833, 619554}, NULL) = 0
futex(0xb720046c, FUTEX_WAKE_PRIVATE, 1) = 1
lstat64("/home/merc/Synced/Development/Bookings/libs/server/node_modules/send/lib/utils.js", {st_mode=S_IFREG|0666, st_size=799, ...}) = 0
gettimeofday({1352601833, 620304}, NULL) = 0
gettimeofday({1352601833, 620403}, NULL) = 0
gettimeofday({1352601833, 620504}, NULL) = 0
open("/home/merc/Synced/Development/Bookings/libs/server/node_modules/send/lib/utils.js", O_RDONLY|O_LARGEFILE) = 7
fcntl64(7, F_SETFD, FD_CLOEXEC)         = 0
fstat64(7, {st_mode=S_IFREG|0666, st_size=799, ...}) = 0
gettimeofday({1352601833, 621308}, NULL) = 0
gettimeofday({1352601833, 621400}, NULL) = 0
gettimeofday({1352601833, 621626}, NULL) = 0
pread64(7, "\n/**\n * Return an ETag in the fo"..., 799, 0) = 799
close(7)                                = 0
stat64("/home/merc/Synced/Development/Bookings/libs/server/node_modules/express/node_modules/connect/lib/utils", 0xbf9e7394) = -1 ENOENT (No such file or directory)
futex(0xb720046c, FUTEX_WAKE_PRIVATE, 1) = 1
stat64("/home/merc/Synced/Development/Bookings/libs/server/node_modules/express/node_modules/connect/lib/utils.js", {st_mode=S_IFREG|0666, st_size=7045, ...}) = 0
gettimeofday({1352601833, 624411}, NULL) = 0
gettimeofday({1352601833, 624584}, NULL) = 0
gettimeofday({1352601833, 624745}, NULL) = 0
gettimeofday({1352601833, 625045}, NULL) = 0
gettimeofday({1352601833, 625393}, NULL) = 0
openat(AT_FDCWD, "/home/merc/Synced/Development/Bookings/libs/server/node_modules/express/node_modules/connect/lib/middleware", O_RDONLY|O_NONBLOCK|O_LARGEFILE|O_DIRECTORY|O_CLOEXEC) = 7
getdents64(7, /* 25 entries */, 32768)  = 848
getdents64(7, /* 0 entries */, 32768)   = 0
close(7)                                = 0
futex(0xb720046c, FUTEX_WAKE_PRIVATE, 1) = 1
gettimeofday({1352601833, 628740}, NULL) = 0
gettimeofday({1352601833, 629074}, NULL) = 0
futex(0xb720046c, FUTEX_WAKE_PRIVATE, 1) = 1
gettimeofday({1352601833, 630496}, NULL) = 0
gettimeofday({1352601833, 630783}, NULL) = 0
gettimeofday({1352601833, 631312}, NULL) = 0
gettimeofday({1352601833, 633100}, NULL) = 0
futex(0xb720046c, FUTEX_WAKE_PRIVATE, 1) = 1
stat64("/home/merc/Synced/Development/Bookings/libs/server/node_modules/express/lib/application", 0xbf9e77d4) = -1 ENOENT (No such file or directory)
stat64("/home/merc/Synced/Development/Bookings/libs/server/node_modules/express/lib/application.js", {st_mode=S_IFREG|0666, st_size=12099, ...}) = 0
gettimeofday({1352601833, 634382}, NULL) = 0
gettimeofday({1352601833, 634469}, NULL) = 0
gettimeofday({1352601833, 634555}, NULL) = 0
lstat64("/home/merc/Synced/Development/Bookings/libs/server/node_modules/express/lib/application.js", {st_mode=S_IFREG|0666, st_size=12099, ...}) = 0
gettimeofday({1352601833, 635353}, NULL) = 0
gettimeofday({1352601833, 635443}, NULL) = 0
gettimeofday({1352601833, 635515}, NULL) = 0
open("/home/merc/Synced/Development/Bookings/libs/server/node_modules/express/lib/application.js", O_RDONLY|O_LARGEFILE) = 7
fcntl64(7, F_SETFD, FD_CLOEXEC)         = 0
fstat64(7, {st_mode=S_IFREG|0666, st_size=12099, ...}) = 0
gettimeofday({1352601833, 636774}, NULL) = 0
gettimeofday({1352601833, 636870}, NULL) = 0
gettimeofday({1352601833, 636961}, NULL) = 0
pread64(7, "/**\n * Module dependencies.\n */\n"..., 12099, 0) = 12099
close(7)                                = 0
futex(0xb720046c, FUTEX_WAKE_PRIVATE, 1) = 1
futex(0xb720046c, FUTEX_WAKE_PRIVATE, 1) = 1
stat64("/home/merc/Synced/Development/Bookings/libs/server/node_modules/express/lib/router", {st_mode=S_IFDIR|0777, st_size=4096, ...}) = 0
gettimeofday({1352601833, 642945}, NULL) = 0
gettimeofday({1352601833, 643070}, NULL) = 0
gettimeofday({1352601833, 643189}, NULL) = 0
stat64("/home/merc/Synced/Development/Bookings/libs/server/node_modules/express/lib/router.js", 0xbf9e7634) = -1 ENOENT (No such file or directory)
stat64("/home/merc/Synced/Development/Bookings/libs/server/node_modules/express/lib/router.json", 0xbf9e7634) = -1 ENOENT (No such file or directory)
stat64("/home/merc/Synced/Development/Bookings/libs/server/node_modules/express/lib/router.node", 0xbf9e7634) = -1 ENOENT (No such file or directory)
open("/home/merc/Synced/Development/Bookings/libs/server/node_modules/express/lib/router/package.json", O_RDONLY|O_LARGEFILE) = -1 ENOENT (No such file or directory)
stat64("/home/merc/Synced/Development/Bookings/libs/server/node_modules/express/lib/router/index.js", {st_mode=S_IFREG|0666, st_size=5564, ...}) = 0
gettimeofday({1352601833, 645172}, NULL) = 0
gettimeofday({1352601833, 645258}, NULL) = 0
gettimeofday({1352601833, 645341}, NULL) = 0
lstat64("/home/merc/Synced/Development/Bookings/libs/server/node_modules/express/lib/router", {st_mode=S_IFDIR|0777, st_size=4096, ...}) = 0
gettimeofday({1352601833, 645917}, NULL) = 0
gettimeofday({1352601833, 646027}, NULL) = 0
gettimeofday({1352601833, 646118}, NULL) = 0
lstat64("/home/merc/Synced/Development/Bookings/libs/server/node_modules/express/lib/router/index.js", {st_mode=S_IFREG|0666, st_size=5564, ...}) = 0
gettimeofday({1352601833, 646674}, NULL) = 0
gettimeofday({1352601833, 646803}, NULL) = 0
gettimeofday({1352601833, 646939}, NULL) = 0
futex(0xb720046c, FUTEX_WAKE_PRIVATE, 1) = 0
gettimeofday({1352601833, 647301}, NULL) = 0
gettimeofday({1352601833, 647594}, NULL) = 0
open("/home/merc/Synced/Development/Bookings/libs/server/node_modules/express/lib/router/index.js", O_RDONLY|O_LARGEFILE) = 7
fcntl64(7, F_SETFD, FD_CLOEXEC)         = 0
fstat64(7, {st_mode=S_IFREG|0666, st_size=5564, ...}) = 0
gettimeofday({1352601833, 648472}, NULL) = 0
gettimeofday({1352601833, 648560}, NULL) = 0
gettimeofday({1352601833, 648650}, NULL) = 0
pread64(7, "/**\n * Module dependencies.\n */\n"..., 5564, 0) = 5564
close(7)                                = 0
futex(0xb720046c, FUTEX_WAKE_PRIVATE, 1) = 1
futex(0xb720046c, FUTEX_WAKE_PRIVATE, 1) = 1
gettimeofday( <unfinished ... exit status 1>
